"../../../Engine/Content/EditorResources/S_Actor.ubulk" 0
"../../../Engine/Content/EditorResources/S_Actor.uasset" 1
"../../../Engine/Content/EditorResources/S_Actor.uexp" 2
"../../../Engine/Content/EditorResources/S_BoxReflectionCapture.uasset" 3
"../../../Engine/Content/EditorResources/S_BoxReflectionCapture.uexp" 4
"../../../Engine/Content/EngineResources/DefaultTexture.ubulk" 5
"../../../Engine/Content/EngineResources/DefaultTexture.uasset" 6
"../../../Engine/Content/EngineResources/DefaultTexture.uexp" 7
"../../../Engine/Content/EngineResources/DefaultTextureCube.uasset" 8
"../../../Engine/Content/EngineResources/DefaultTextureCube.uexp" 9
"../../../Engine/Content/EngineResources/DefaultVolumeTexture2D.uasset" 10
"../../../Engine/Content/EngineResources/DefaultVolumeTexture2D.uexp" 11
"../../../Engine/Content/EngineResources/DefaultVolumeTexture.uasset" 12
"../../../Engine/Content/EngineResources/DefaultVolumeTexture.uexp" 13
"../../../Engine/Content/EditorResources/S_Trigger.ubulk" 14
"../../../Engine/Content/EditorResources/S_Trigger.uasset" 15
"../../../Engine/Content/EditorResources/S_Trigger.uexp" 16
"../../../Engine/Content/EditorResources/S_TriggerBox.uasset" 17
"../../../Engine/Content/EditorResources/S_TriggerBox.uexp" 18
"../../../Engine/Content/EditorResources/S_TriggerCapsule.uasset" 19
"../../../Engine/Content/EditorResources/S_TriggerCapsule.uexp" 20
"../../../Engine/Content/EditorResources/S_TriggerSphere.uasset" 21
"../../../Engine/Content/EditorResources/S_TriggerSphere.uexp" 22
"../../../Engine/Content/EngineMeshes/Sphere.ubulk" 23
"../../../Engine/Content/EngineMeshes/Sphere.uasset" 24
"../../../Engine/Content/EngineMeshes/Sphere.uexp" 25
"../../../Engine/Content/EngineResources/GradientTexture0.uasset" 26
"../../../Engine/Content/EngineResources/GradientTexture0.uexp" 27
"../../../Engine/Content/VREditor/LaserPointer/VR_LaserPower_01.ubulk" 28
"../../../Engine/Content/VREditor/LaserPointer/VR_LaserPower_01.uasset" 29
"../../../Engine/Content/VREditor/LaserPointer/VR_LaserPower_01.uexp" 30
"../../../Engine/Content/VREditor/TransformGizmo/TransformGizmoMaterial.uasset" 31
"../../../Engine/Content/VREditor/TransformGizmo/TransformGizmoMaterial.uexp" 32
"../../../Engine/Content/VREditor/TransformGizmo/TranslucentTransformGizmoMaterial.uasset" 33
"../../../Engine/Content/VREditor/TransformGizmo/TranslucentTransformGizmoMaterial.uexp" 34
"../../../Engine/Content/VREditor/TransformGizmo/PlaneTranslationHandle.ubulk" 35
"../../../Engine/Content/VREditor/TransformGizmo/PlaneTranslationHandle.uasset" 36
"../../../Engine/Content/VREditor/TransformGizmo/PlaneTranslationHandle.uexp" 37
"../../../Engine/Content/VREditor/TransformGizmo/BoundingBoxCorner.ubulk" 38
"../../../Engine/Content/VREditor/TransformGizmo/BoundingBoxCorner.uasset" 39
"../../../Engine/Content/VREditor/TransformGizmo/BoundingBoxCorner.uexp" 40
"../../../Engine/Content/VREditor/TransformGizmo/BoundingBoxEdge.ubulk" 41
"../../../Engine/Content/VREditor/TransformGizmo/BoundingBoxEdge.uasset" 42
"../../../Engine/Content/VREditor/TransformGizmo/BoundingBoxEdge.uexp" 43
"../../../Engine/Content/VREditor/TransformGizmo/Main.uasset" 44
"../../../Engine/Content/VREditor/TransformGizmo/Main.uexp" 45
"../../../Engine/Content/VREditor/TransformGizmo/Xray.uasset" 46
"../../../Engine/Content/VREditor/TransformGizmo/Xray.uexp" 47
"../../../Engine/Content/VREditor/TransformGizmo/SM_Sequencer_Node.ubulk" 48
"../../../Engine/Content/VREditor/TransformGizmo/SM_Sequencer_Node.uasset" 49
"../../../Engine/Content/VREditor/TransformGizmo/SM_Sequencer_Node.uexp" 50
"../../../Engine/Content/EditorMaterials/Camera/CineMat.uasset" 51
"../../../Engine/Content/EditorMaterials/Camera/CineMat.uexp" 52
"../../../Engine/Content/EditorMaterials/Camera/MI_CineMat_Rig.uasset" 53
"../../../Engine/Content/EditorMaterials/Camera/MI_CineMat_Rig.uexp" 54
"../../../Engine/Content/EditorMeshes/Camera/SM_CraneRig_Base.ubulk" 55
"../../../Engine/Content/EditorMeshes/Camera/SM_CraneRig_Base.uasset" 56
"../../../Engine/Content/EditorMeshes/Camera/SM_CraneRig_Base.uexp" 57
"../../../Engine/Content/EditorMeshes/Camera/SM_CraneRig_Arm.ubulk" 58
"../../../Engine/Content/EditorMeshes/Camera/SM_CraneRig_Arm.uasset" 59
"../../../Engine/Content/EditorMeshes/Camera/SM_CraneRig_Arm.uexp" 60
"../../../Engine/Content/EditorMeshes/Camera/SM_CraneRig_Mount.ubulk" 61
"../../../Engine/Content/EditorMeshes/Camera/SM_CraneRig_Mount.uasset" 62
"../../../Engine/Content/EditorMeshes/Camera/SM_CraneRig_Mount.uexp" 63
"../../../Engine/Content/EditorMeshes/Camera/SM_CraneRig_Body.ubulk" 64
"../../../Engine/Content/EditorMeshes/Camera/SM_CraneRig_Body.uasset" 65
"../../../Engine/Content/EditorMeshes/Camera/SM_CraneRig_Body.uexp" 66
"../../../Engine/Content/EditorMeshes/Camera/SM_RailRig_Track.ubulk" 67
"../../../Engine/Content/EditorMeshes/Camera/SM_RailRig_Track.uasset" 68
"../../../Engine/Content/EditorMeshes/Camera/SM_RailRig_Track.uexp" 69
"../../../Engine/Content/EditorMeshes/Camera/SM_RailRig_Mount.ubulk" 70
"../../../Engine/Content/EditorMeshes/Camera/SM_RailRig_Mount.uasset" 71
"../../../Engine/Content/EditorMeshes/Camera/SM_RailRig_Mount.uexp" 72
"../../../Engine/Content/EngineMaterials/T_Default_Material_Grid_M.ubulk" 73
"../../../Engine/Content/EngineMaterials/T_Default_Material_Grid_M.uasset" 74
"../../../Engine/Content/EngineMaterials/T_Default_Material_Grid_M.uexp" 75
"../../../Engine/Content/EngineMaterials/T_Default_Material_Grid_N.ubulk" 76
"../../../Engine/Content/EngineMaterials/T_Default_Material_Grid_N.uasset" 77
"../../../Engine/Content/EngineMaterials/T_Default_Material_Grid_N.uexp" 78
"../../../Engine/Content/Functions/Engine_MaterialFunctions01/Opacity/CameraDepthFade.uasset" 79
"../../../Engine/Content/Functions/Engine_MaterialFunctions01/Opacity/CameraDepthFade.uexp" 80
"../../../Engine/Content/EngineMaterials/WorldGridMaterial.uasset" 81
"../../../Engine/Content/EngineMaterials/WorldGridMaterial.uexp" 82
"../../../Engine/Content/ArtTools/RenderToTexture/Meshes/S_1_Unit_Plane.ubulk" 83
"../../../Engine/Content/ArtTools/RenderToTexture/Meshes/S_1_Unit_Plane.uasset" 84
"../../../Engine/Content/ArtTools/RenderToTexture/Meshes/S_1_Unit_Plane.uexp" 85
"../../../Engine/Content/EditorMaterials/ParticleSystems/PSysThumbnail_NoImage.ubulk" 86
"../../../Engine/Content/EditorMaterials/ParticleSystems/PSysThumbnail_NoImage.uasset" 87
"../../../Engine/Content/EditorMaterials/ParticleSystems/PSysThumbnail_NoImage.uexp" 88
"../../../Engine/Content/EditorMaterials/ParticleSystems/PSysThumbnail_OOD.ubulk" 89
"../../../Engine/Content/EditorMaterials/ParticleSystems/PSysThumbnail_OOD.uasset" 90
"../../../Engine/Content/EditorMaterials/ParticleSystems/PSysThumbnail_OOD.uexp" 91
"../../../Engine/Content/EditorLandscapeResources/SplineEditorMeshMat.uasset" 92
"../../../Engine/Content/EditorLandscapeResources/SplineEditorMeshMat.uexp" 93
"../../../Engine/Content/EditorLandscapeResources/SplineEditorMesh.ubulk" 94
"../../../Engine/Content/EditorLandscapeResources/SplineEditorMesh.uasset" 95
"../../../Engine/Content/EditorLandscapeResources/SplineEditorMesh.uexp" 96
"../../../Engine/Content/EditorResources/S_Solver.ubulk" 97
"../../../Engine/Content/EditorResources/S_Solver.uasset" 98
"../../../Engine/Content/EditorResources/S_Solver.uexp" 99
"../../../Engine/Plugins/Media/MediaPlate/Content/SM_MediaPlateScreen.ubulk" 100
"../../../Engine/Plugins/Media/MediaPlate/Content/SM_MediaPlateScreen.uasset" 101
"../../../Engine/Plugins/Media/MediaPlate/Content/SM_MediaPlateScreen.uexp" 102
"../../../Engine/Content/EditorMaterials/AssetViewer/EpicQuadPanorama_CC+EV1.uasset" 103
"../../../Engine/Content/EditorMaterials/AssetViewer/EpicQuadPanorama_CC+EV1.uexp" 104
"../../../Engine/Content/EditorLandscapeResources/DefaultAlphaTexture.uasset" 105
"../../../Engine/Content/EditorLandscapeResources/DefaultAlphaTexture.uexp" 106
"../../../Engine/Content/EditorResources/S_Terrain.ubulk" 107
"../../../Engine/Content/EditorResources/S_Terrain.uasset" 108
"../../../Engine/Content/EditorResources/S_Terrain.uexp" 109
"../../../Engine/Content/EngineMaterials/Good64x64TilingNoiseHighFreq.uasset" 110
"../../../Engine/Content/EngineMaterials/Good64x64TilingNoiseHighFreq.uexp" 111
"../../../Engine/Content/EngineMaterials/DefaultBokeh.uasset" 112
"../../../Engine/Content/EngineMaterials/DefaultBokeh.uexp" 113
"../../../Engine/Content/EngineMaterials/PreintegratedSkinBRDF.uasset" 114
"../../../Engine/Content/EngineMaterials/PreintegratedSkinBRDF.uexp" 115
"../../../Engine/Content/EngineMaterials/MiniFont.uasset" 116
"../../../Engine/Content/EngineMaterials/MiniFont.uexp" 117
"../../../Engine/Content/EngineMaterials/WeightMapPlaceholderTexture.uasset" 118
"../../../Engine/Content/EngineMaterials/WeightMapPlaceholderTexture.uexp" 119
"../../../Engine/Content/EngineMaterials/DefaultWhiteGrid.ubulk" 120
"../../../Engine/Content/EngineMaterials/DefaultWhiteGrid.uasset" 121
"../../../Engine/Content/EngineMaterials/DefaultWhiteGrid.uexp" 122
"../../../Engine/Plugins/2D/Paper2D/Content/PlaceholderTextures/DummySpriteTexture.ubulk" 123
"../../../Engine/Plugins/2D/Paper2D/Content/PlaceholderTextures/DummySpriteTexture.uasset" 124
"../../../Engine/Plugins/2D/Paper2D/Content/PlaceholderTextures/DummySpriteTexture.uexp" 125
"../../../Engine/Plugins/2D/Paper2D/Content/DefaultSpriteMaterial.uasset" 126
"../../../Engine/Plugins/2D/Paper2D/Content/DefaultSpriteMaterial.uexp" 127
"../../../Engine/Plugins/2D/Paper2D/Content/OpaqueUnlitSpriteMaterial.uasset" 128
"../../../Engine/Plugins/2D/Paper2D/Content/OpaqueUnlitSpriteMaterial.uexp" 129
"../../../Engine/Plugins/2D/Paper2D/Content/MaskedUnlitSpriteMaterial.uasset" 130
"../../../Engine/Plugins/2D/Paper2D/Content/MaskedUnlitSpriteMaterial.uexp" 131
"../../../Engine/Plugins/2D/Paper2D/Content/DummySprite.uasset" 132
"../../../Engine/Plugins/2D/Paper2D/Content/DummySprite.uexp" 133
"../../../Engine/Plugins/2D/Paper2D/Content/DefaultPaperTerrainMaterial.uasset" 134
"../../../Engine/Plugins/2D/Paper2D/Content/DefaultPaperTerrainMaterial.uexp" 135
"../../../Engine/Content/Functions/Engine_MaterialFunctions02/WorldPositionOffset/CameraOffset.uasset" 136
"../../../Engine/Content/Functions/Engine_MaterialFunctions02/WorldPositionOffset/CameraOffset.uexp" 137
"../../../Engine/Plugins/Animation/ControlRig/Content/M_Manip.uasset" 138
"../../../Engine/Plugins/Animation/ControlRig/Content/M_Manip.uexp" 139
"../../../Engine/Content/Animation/DefaultRecorderBoneCompression.uasset" 140
"../../../Engine/Content/Animation/DefaultRecorderBoneCompression.uexp" 141
"../../../Engine/Plugins/Animation/ControlRig/Content/Controls/DefaultGizmoLibraryNormalized.uasset" 142
"../../../Engine/Plugins/Animation/ControlRig/Content/Controls/DefaultGizmoLibraryNormalized.uexp" 143
"../../../Engine/Plugins/Animation/ControlRig/Content/Controls/ControlRig_Wedge_solid.ubulk" 144
"../../../Engine/Plugins/Animation/ControlRig/Content/Controls/ControlRig_Wedge_solid.uasset" 145
"../../../Engine/Plugins/Animation/ControlRig/Content/Controls/ControlRig_Wedge_solid.uexp" 146
"../../../Engine/Plugins/Animation/ControlRig/Content/Controls/ControlRig_Wedge_3mm.ubulk" 147
"../../../Engine/Plugins/Animation/ControlRig/Content/Controls/ControlRig_Wedge_3mm.uasset" 148
"../../../Engine/Plugins/Animation/ControlRig/Content/Controls/ControlRig_Wedge_3mm.uexp" 149
"../../../Engine/Plugins/Animation/ControlRig/Content/Controls/ControlRig_Wedge_1mm.ubulk" 150
"../../../Engine/Plugins/Animation/ControlRig/Content/Controls/ControlRig_Wedge_1mm.uasset" 151
"../../../Engine/Plugins/Animation/ControlRig/Content/Controls/ControlRig_Wedge_1mm.uexp" 152
"../../../Engine/Plugins/Animation/ControlRig/Content/Controls/ControlRig_Triangle_solid.ubulk" 153
"../../../Engine/Plugins/Animation/ControlRig/Content/Controls/ControlRig_Triangle_solid.uasset" 154
"../../../Engine/Plugins/Animation/ControlRig/Content/Controls/ControlRig_Triangle_solid.uexp" 155
"../../../Engine/Plugins/Animation/ControlRig/Content/Controls/ControlRig_Triangle_3mm.ubulk" 156
"../../../Engine/Plugins/Animation/ControlRig/Content/Controls/ControlRig_Triangle_3mm.uasset" 157
"../../../Engine/Plugins/Animation/ControlRig/Content/Controls/ControlRig_Triangle_3mm.uexp" 158
"../../../Engine/Plugins/Animation/ControlRig/Content/Controls/ControlRig_Triangle_1mm.ubulk" 159
"../../../Engine/Plugins/Animation/ControlRig/Content/Controls/ControlRig_Triangle_1mm.uasset" 160
"../../../Engine/Plugins/Animation/ControlRig/Content/Controls/ControlRig_Triangle_1mm.uexp" 161
"../../../Engine/Plugins/Animation/ControlRig/Content/Controls/ControlRig_Star4_solid.ubulk" 162
"../../../Engine/Plugins/Animation/ControlRig/Content/Controls/ControlRig_Star4_solid.uasset" 163
"../../../Engine/Plugins/Animation/ControlRig/Content/Controls/ControlRig_Star4_solid.uexp" 164
"../../../Engine/Plugins/Animation/ControlRig/Content/Controls/ControlRig_Star4_3mm.ubulk" 165
"../../../Engine/Plugins/Animation/ControlRig/Content/Controls/ControlRig_Star4_3mm.uasset" 166
"../../../Engine/Plugins/Animation/ControlRig/Content/Controls/ControlRig_Star4_3mm.uexp" 167
"../../../Engine/Plugins/Animation/ControlRig/Content/Controls/ControlRig_Star4_1mm.ubulk" 168
"../../../Engine/Plugins/Animation/ControlRig/Content/Controls/ControlRig_Star4_1mm.uasset" 169
"../../../Engine/Plugins/Animation/ControlRig/Content/Controls/ControlRig_Star4_1mm.uexp" 170
"../../../Engine/Plugins/Animation/ControlRig/Content/Controls/ControlRig_Square_solid.ubulk" 171
"../../../Engine/Plugins/Animation/ControlRig/Content/Controls/ControlRig_Square_solid.uasset" 172
"../../../Engine/Plugins/Animation/ControlRig/Content/Controls/ControlRig_Square_solid.uexp" 173
"../../../Engine/Plugins/Animation/ControlRig/Content/Controls/ControlRig_Square_3mm.ubulk" 174
"../../../Engine/Plugins/Animation/ControlRig/Content/Controls/ControlRig_Square_3mm.uasset" 175
"../../../Engine/Plugins/Animation/ControlRig/Content/Controls/ControlRig_Square_3mm.uexp" 176
"../../../Engine/Plugins/Animation/ControlRig/Content/Controls/ControlRig_Square_1mm.ubulk" 177
"../../../Engine/Plugins/Animation/ControlRig/Content/Controls/ControlRig_Square_1mm.uasset" 178
"../../../Engine/Plugins/Animation/ControlRig/Content/Controls/ControlRig_Square_1mm.uexp" 179
"../../../Engine/Plugins/Animation/ControlRig/Content/Controls/ControlRig_Sphere_solid.ubulk" 180
"../../../Engine/Plugins/Animation/ControlRig/Content/Controls/ControlRig_Sphere_solid.uasset" 181
"../../../Engine/Plugins/Animation/ControlRig/Content/Controls/ControlRig_Sphere_solid.uexp" 182
"../../../Engine/Plugins/Animation/ControlRig/Content/Controls/ControlRig_Sphere_3mm.ubulk" 183
"../../../Engine/Plugins/Animation/ControlRig/Content/Controls/ControlRig_Sphere_3mm.uasset" 184
"../../../Engine/Plugins/Animation/ControlRig/Content/Controls/ControlRig_Sphere_3mm.uexp" 185
"../../../Engine/Plugins/Animation/ControlRig/Content/Controls/ControlRig_Sphere_1mm.ubulk" 186
"../../../Engine/Plugins/Animation/ControlRig/Content/Controls/ControlRig_Sphere_1mm.uasset" 187
"../../../Engine/Plugins/Animation/ControlRig/Content/Controls/ControlRig_Sphere_1mm.uexp" 188
"../../../Engine/Content/EngineResources/WhiteSquareTexture.uasset" 189
"../../../Engine/Content/EngineResources/WhiteSquareTexture.uexp" 190
"../../../Engine/Content/Functions/Engine_MaterialFunctions01/Texturing/FlattenNormal.uasset" 191
"../../../Engine/Content/Functions/Engine_MaterialFunctions01/Texturing/FlattenNormal.uexp" 192
"../../../Engine/Content/EngineMaterials/FlatNormal.uasset" 193
"../../../Engine/Content/EngineMaterials/FlatNormal.uexp" 194
"../../../Engine/Plugins/Enterprise/DatasmithContent/Content/Materials/SketchUpReference.uasset" 195
"../../../Engine/Plugins/Enterprise/DatasmithContent/Content/Materials/SketchUpReference.uexp" 196
"../../../Engine/Content/Functions/Engine_MaterialFunctions03/Procedurals/NormalFromHeightmap.uasset" 197
"../../../Engine/Content/Functions/Engine_MaterialFunctions03/Procedurals/NormalFromHeightmap.uexp" 198
"../../../Engine/Content/Functions/Engine_MaterialFunctions02/Texturing/CustomRotator.uasset" 199
"../../../Engine/Content/Functions/Engine_MaterialFunctions02/Texturing/CustomRotator.uexp" 200
"../../../Engine/Plugins/Enterprise/DatasmithContent/Content/Materials/TileMirrorAxis.uasset" 201
"../../../Engine/Plugins/Enterprise/DatasmithContent/Content/Materials/TileMirrorAxis.uexp" 202
"../../../Engine/Plugins/Enterprise/DatasmithContent/Content/Materials/UVEdit.uasset" 203
"../../../Engine/Plugins/Enterprise/DatasmithContent/Content/Materials/UVEdit.uexp" 204
"../../../Engine/Content/ArtTools/RenderToTexture/Textures/127grey.uasset" 205
"../../../Engine/Content/ArtTools/RenderToTexture/Textures/127grey.uexp" 206
"../../../Engine/Plugins/Enterprise/DatasmithContent/Content/Materials/RevitReference.uasset" 207
"../../../Engine/Plugins/Enterprise/DatasmithContent/Content/Materials/RevitReference.uexp" 208
"../../../Engine/Plugins/Runtime/MeshModelingToolset/Content/Materials/M_DynamicMeshComponentVtxColor.uasset" 209
"../../../Engine/Plugins/Runtime/MeshModelingToolset/Content/Materials/M_DynamicMeshComponentVtxColor.uexp" 210
"../../../Engine/Plugins/Interchange/Runtime/Content/Pipelines/DefaultTexturePipeline.uasset" 211
"../../../Engine/Plugins/Interchange/Runtime/Content/Pipelines/DefaultTexturePipeline.uexp" 212
"../../../Engine/Plugins/Interchange/Runtime/Content/Pipelines/DefaultSceneLevelPipeline.uasset" 213
"../../../Engine/Plugins/Interchange/Runtime/Content/Pipelines/DefaultSceneLevelPipeline.uexp" 214
"../../../Engine/Plugins/Interchange/Runtime/Content/Pipelines/DefaultSceneAssetsPipeline.uasset" 215
"../../../Engine/Plugins/Interchange/Runtime/Content/Pipelines/DefaultSceneAssetsPipeline.uexp" 216
"../../../Engine/Plugins/Interchange/Runtime/Content/Pipelines/DefaultMaterialPipeline.uasset" 217
"../../../Engine/Plugins/Interchange/Runtime/Content/Pipelines/DefaultMaterialPipeline.uexp" 218
"../../../Engine/Plugins/Interchange/Runtime/Content/Pipelines/DefaultAssetsPipeline.uasset" 219
"../../../Engine/Plugins/Interchange/Runtime/Content/Pipelines/DefaultAssetsPipeline.uexp" 220
"../../../Engine/Plugins/Enterprise/DatasmithContent/Content/Materials/CE_BaseReference.uasset" 221
"../../../Engine/Plugins/Enterprise/DatasmithContent/Content/Materials/CE_BaseReference.uexp" 222
"../../../Engine/Plugins/Enterprise/DatasmithContent/Content/Materials/CE_OpaqueReference.uasset" 223
"../../../Engine/Plugins/Enterprise/DatasmithContent/Content/Materials/CE_OpaqueReference.uexp" 224
"../../../Engine/Plugins/Enterprise/DatasmithContent/Content/Materials/CE_OpacitySimpleReference.uasset" 225
"../../../Engine/Plugins/Enterprise/DatasmithContent/Content/Materials/CE_OpacitySimpleReference.uexp" 226
"../../../Engine/Plugins/Enterprise/DatasmithContent/Content/Materials/CE_OpacityReference.uasset" 227
"../../../Engine/Plugins/Enterprise/DatasmithContent/Content/Materials/CE_OpacityReference.uexp" 228
"../../../Engine/Content/EngineMaterials/DefaultDiffuse.ubulk" 229
"../../../Engine/Content/EngineMaterials/DefaultDiffuse.uasset" 230
"../../../Engine/Content/EngineMaterials/DefaultDiffuse.uexp" 231
"../../../Engine/Content/EditorLandscapeResources/WhiteSquareTexture.uasset" 232
"../../../Engine/Content/EditorLandscapeResources/WhiteSquareTexture.uexp" 233
"../../../Engine/Plugins/Enterprise/DatasmithContent/Content/Materials/C4DReferenceUV.uasset" 234
"../../../Engine/Plugins/Enterprise/DatasmithContent/Content/Materials/C4DReferenceUV.uexp" 235
"../../../Engine/Content/Functions/Engine_MaterialFunctions02/HueShift.uasset" 236
"../../../Engine/Content/Functions/Engine_MaterialFunctions02/HueShift.uexp" 237
"../../../Engine/Content/EngineMaterials/T_Default_Normal.ubulk" 238
"../../../Engine/Content/EngineMaterials/T_Default_Normal.uasset" 239
"../../../Engine/Content/EngineMaterials/T_Default_Normal.uexp" 240
"../../../Engine/Content/EngineResources/Black.uasset" 241
"../../../Engine/Content/EngineResources/Black.uexp" 242
"../../../Engine/Plugins/Enterprise/DatasmithContent/Content/Materials/C4DReference.uasset" 243
"../../../Engine/Plugins/Enterprise/DatasmithContent/Content/Materials/C4DReference.uexp" 244
"../../../Engine/Plugins/Editor/SpeedTreeImporter/Content/SpeedTree9/game_wind_noise.ubulk" 245
"../../../Engine/Plugins/Editor/SpeedTreeImporter/Content/SpeedTree9/game_wind_noise.uasset" 246
"../../../Engine/Plugins/Editor/SpeedTreeImporter/Content/SpeedTree9/game_wind_noise.uexp" 247
"../../../Engine/Plugins/Editor/SpeedTreeImporter/Content/SpeedTree9/UnpackDirection.uasset" 248
"../../../Engine/Plugins/Editor/SpeedTreeImporter/Content/SpeedTree9/UnpackDirection.uexp" 249
"../../../Engine/Content/Functions/Engine_MaterialFunctions02/ObjectLocalBounds.uasset" 250
"../../../Engine/Content/Functions/Engine_MaterialFunctions02/ObjectLocalBounds.uexp" 251
"../../../Engine/Content/Functions/Engine_MaterialFunctions02/Utility/BreakOutFloat3Components.uasset" 252
"../../../Engine/Content/Functions/Engine_MaterialFunctions02/Utility/BreakOutFloat3Components.uexp" 253
"../../../Engine/Content/Functions/Engine_MaterialFunctions02/UVs/BoundingBoxBased_0-1_UVW.uasset" 254
"../../../Engine/Content/Functions/Engine_MaterialFunctions02/UVs/BoundingBoxBased_0-1_UVW.uexp" 255
"../../../Engine/Content/Functions/Engine_MaterialFunctions02/Utility/VectorLength.uasset" 256
"../../../Engine/Content/Functions/Engine_MaterialFunctions02/Utility/VectorLength.uexp" 257
"../../../Engine/Plugins/Editor/SpeedTreeImporter/Content/SpeedTree9/UnpackInteger3.uasset" 258
"../../../Engine/Plugins/Editor/SpeedTreeImporter/Content/SpeedTree9/UnpackInteger3.uexp" 259
"../../../Engine/Plugins/Editor/SpeedTreeImporter/Content/SpeedTree9/SpeedTreeCameraFacing.uasset" 260
"../../../Engine/Plugins/Editor/SpeedTreeImporter/Content/SpeedTree9/SpeedTreeCameraFacing.uexp" 261
"../../../Engine/Content/Functions/Engine_MaterialFunctions02/WorldPositionOffset/ObjectScale.uasset" 262
"../../../Engine/Content/Functions/Engine_MaterialFunctions02/WorldPositionOffset/ObjectScale.uexp" 263
"../../../Engine/Content/Functions/Engine_MaterialFunctions02/SafeNormalize.uasset" 264
"../../../Engine/Content/Functions/Engine_MaterialFunctions02/SafeNormalize.uexp" 265
"../../../Engine/Plugins/Editor/SpeedTreeImporter/Content/SpeedTree9/SpeedTreeWindMotion.uasset" 266
"../../../Engine/Plugins/Editor/SpeedTreeImporter/Content/SpeedTree9/SpeedTreeWindMotion.uexp" 267
"../../../Engine/Plugins/Editor/SpeedTreeImporter/Content/SpeedTree9/SpeedTreeBranchMotion.uasset" 268
"../../../Engine/Plugins/Editor/SpeedTreeImporter/Content/SpeedTree9/SpeedTreeBranchMotion.uexp" 269
"../../../Engine/Plugins/Editor/SpeedTreeImporter/Content/SpeedTree9/SpeedTreeWind.uasset" 270
"../../../Engine/Plugins/Editor/SpeedTreeImporter/Content/SpeedTree9/SpeedTreeWind.uexp" 271
"../../../Engine/Plugins/Editor/SpeedTreeImporter/Content/SpeedTree9/EmptyNormal.uasset" 272
"../../../Engine/Plugins/Editor/SpeedTreeImporter/Content/SpeedTree9/EmptyNormal.uexp" 273
"../../../Engine/Plugins/Editor/SpeedTreeImporter/Content/SpeedTree9/Empty.uasset" 274
"../../../Engine/Plugins/Editor/SpeedTreeImporter/Content/SpeedTree9/Empty.uexp" 275
"../../../Engine/Plugins/Editor/SpeedTreeImporter/Content/SpeedTree9/SpeedTreeMaster.uasset" 276
"../../../Engine/Plugins/Editor/SpeedTreeImporter/Content/SpeedTree9/SpeedTreeMaster.uexp" 277
"../../../Engine/Plugins/Editor/SpeedTreeImporter/Content/SpeedTree9/SpeedTreeBillboard.uasset" 278
"../../../Engine/Plugins/Editor/SpeedTreeImporter/Content/SpeedTree9/SpeedTreeBillboard.uexp" 279
"../../../Engine/Plugins/Editor/SpeedTreeImporter/Content/SpeedTree9/SpeedTreeBillboardMaster.uasset" 280
"../../../Engine/Plugins/Editor/SpeedTreeImporter/Content/SpeedTree9/SpeedTreeBillboardMaster.uexp" 281
"../../../Engine/Plugins/Animation/ControlRig/Content/Controls/ControlRig_RoundedTriangle_solid.ubulk" 282
"../../../Engine/Plugins/Animation/ControlRig/Content/Controls/ControlRig_RoundedTriangle_solid.uasset" 283
"../../../Engine/Plugins/Animation/ControlRig/Content/Controls/ControlRig_RoundedTriangle_solid.uexp" 284
"../../../Engine/Plugins/Animation/ControlRig/Content/Controls/ControlRig_RoundedTriangle_3mm.ubulk" 285
"../../../Engine/Plugins/Animation/ControlRig/Content/Controls/ControlRig_RoundedTriangle_3mm.uasset" 286
"../../../Engine/Plugins/Animation/ControlRig/Content/Controls/ControlRig_RoundedTriangle_3mm.uexp" 287
"../../../Engine/Plugins/Animation/ControlRig/Content/Controls/ControlRig_RoundedTriangle_1mm.ubulk" 288
"../../../Engine/Plugins/Animation/ControlRig/Content/Controls/ControlRig_RoundedTriangle_1mm.uasset" 289
"../../../Engine/Plugins/Animation/ControlRig/Content/Controls/ControlRig_RoundedTriangle_1mm.uexp" 290
"../../../Engine/Plugins/Animation/ControlRig/Content/Controls/ControlRig_RoundedSquare_solid.ubulk" 291
"../../../Engine/Plugins/Animation/ControlRig/Content/Controls/ControlRig_RoundedSquare_solid.uasset" 292
"../../../Engine/Plugins/Animation/ControlRig/Content/Controls/ControlRig_RoundedSquare_solid.uexp" 293
"../../../Engine/Plugins/Animation/ControlRig/Content/Controls/ControlRig_RoundedSquare_3mm.ubulk" 294
"../../../Engine/Plugins/Animation/ControlRig/Content/Controls/ControlRig_RoundedSquare_3mm.uasset" 295
"../../../Engine/Plugins/Animation/ControlRig/Content/Controls/ControlRig_RoundedSquare_3mm.uexp" 296
"../../../Engine/Plugins/Animation/ControlRig/Content/Controls/ControlRig_RoundedSquare_1mm.ubulk" 297
"../../../Engine/Plugins/Animation/ControlRig/Content/Controls/ControlRig_RoundedSquare_1mm.uasset" 298
"../../../Engine/Plugins/Animation/ControlRig/Content/Controls/ControlRig_RoundedSquare_1mm.uexp" 299
"../../../Engine/Plugins/Animation/ControlRig/Content/Controls/ControlRig_QuarterCircle_solid.ubulk" 300
"../../../Engine/Plugins/Animation/ControlRig/Content/Controls/ControlRig_QuarterCircle_solid.uasset" 301
"../../../Engine/Plugins/Animation/ControlRig/Content/Controls/ControlRig_QuarterCircle_solid.uexp" 302
"../../../Engine/Plugins/Animation/ControlRig/Content/Controls/ControlRig_QuarterCircle_3mm.ubulk" 303
"../../../Engine/Plugins/Animation/ControlRig/Content/Controls/ControlRig_QuarterCircle_3mm.uasset" 304
"../../../Engine/Plugins/Animation/ControlRig/Content/Controls/ControlRig_QuarterCircle_3mm.uexp" 305
"../../../Engine/Plugins/Animation/ControlRig/Content/Controls/ControlRig_QuarterCircle_1mm.ubulk" 306
"../../../Engine/Plugins/Animation/ControlRig/Content/Controls/ControlRig_QuarterCircle_1mm.uasset" 307
"../../../Engine/Plugins/Animation/ControlRig/Content/Controls/ControlRig_QuarterCircle_1mm.uexp" 308
"../../../Engine/Plugins/Animation/ControlRig/Content/Controls/ControlRig_Pyramid_solid.ubulk" 309
"../../../Engine/Plugins/Animation/ControlRig/Content/Controls/ControlRig_Pyramid_solid.uasset" 310
"../../../Engine/Plugins/Animation/ControlRig/Content/Controls/ControlRig_Pyramid_solid.uexp" 311
"../../../Engine/Plugins/Animation/ControlRig/Content/Controls/ControlRig_Pyramid_3mm.ubulk" 312
"../../../Engine/Plugins/Animation/ControlRig/Content/Controls/ControlRig_Pyramid_3mm.uasset" 313
"../../../Engine/Plugins/Animation/ControlRig/Content/Controls/ControlRig_Pyramid_3mm.uexp" 314
"../../../Engine/Plugins/Animation/ControlRig/Content/Controls/ControlRig_Pyramid_1mm.ubulk" 315
"../../../Engine/Plugins/Animation/ControlRig/Content/Controls/ControlRig_Pyramid_1mm.uasset" 316
"../../../Engine/Plugins/Animation/ControlRig/Content/Controls/ControlRig_Pyramid_1mm.uexp" 317
"../../../Engine/Plugins/Animation/ControlRig/Content/Controls/ControlRig_Octagon_solid.ubulk" 318
"../../../Engine/Plugins/Animation/ControlRig/Content/Controls/ControlRig_Octagon_solid.uasset" 319
"../../../Engine/Plugins/Animation/ControlRig/Content/Controls/ControlRig_Octagon_solid.uexp" 320
"../../../Engine/Plugins/Animation/ControlRig/Content/Controls/ControlRig_Octagon_3mm.ubulk" 321
"../../../Engine/Plugins/Animation/ControlRig/Content/Controls/ControlRig_Octagon_3mm.uasset" 322
"../../../Engine/Plugins/Animation/ControlRig/Content/Controls/ControlRig_Octagon_3mm.uexp" 323
"../../../Engine/Plugins/Animation/ControlRig/Content/Controls/ControlRig_Octagon_1mm.ubulk" 324
"../../../Engine/Plugins/Animation/ControlRig/Content/Controls/ControlRig_Octagon_1mm.uasset" 325
"../../../Engine/Plugins/Animation/ControlRig/Content/Controls/ControlRig_Octagon_1mm.uexp" 326
"../../../Engine/Plugins/Animation/ControlRig/Content/Controls/ControlRig_Hexagon_solid.ubulk" 327
"../../../Engine/Plugins/Animation/ControlRig/Content/Controls/ControlRig_Hexagon_solid.uasset" 328
"../../../Engine/Plugins/Animation/ControlRig/Content/Controls/ControlRig_Hexagon_solid.uexp" 329
"../../../Engine/Plugins/Animation/ControlRig/Content/Controls/ControlRig_Hexagon_3mm.ubulk" 330
"../../../Engine/Plugins/Animation/ControlRig/Content/Controls/ControlRig_Hexagon_3mm.uasset" 331
"../../../Engine/Plugins/Animation/ControlRig/Content/Controls/ControlRig_Hexagon_3mm.uexp" 332
"../../../Engine/Plugins/Animation/ControlRig/Content/Controls/ControlRig_Hexagon_1mm.ubulk" 333
"../../../Engine/Plugins/Animation/ControlRig/Content/Controls/ControlRig_Hexagon_1mm.uasset" 334
"../../../Engine/Plugins/Animation/ControlRig/Content/Controls/ControlRig_Hexagon_1mm.uexp" 335
"../../../Engine/Plugins/Animation/ControlRig/Content/Controls/ControlRig_HalfCircle_solid.ubulk" 336
"../../../Engine/Plugins/Animation/ControlRig/Content/Controls/ControlRig_HalfCircle_solid.uasset" 337
"../../../Engine/Plugins/Animation/ControlRig/Content/Controls/ControlRig_HalfCircle_solid.uexp" 338
"../../../Engine/Plugins/Animation/ControlRig/Content/Controls/ControlRig_HalfCircle_3mm.ubulk" 339
"../../../Engine/Plugins/Animation/ControlRig/Content/Controls/ControlRig_HalfCircle_3mm.uasset" 340
"../../../Engine/Plugins/Animation/ControlRig/Content/Controls/ControlRig_HalfCircle_3mm.uexp" 341
"../../../Engine/Plugins/Animation/ControlRig/Content/Controls/ControlRig_HalfCircle_1mm.ubulk" 342
"../../../Engine/Plugins/Animation/ControlRig/Content/Controls/ControlRig_HalfCircle_1mm.uasset" 343
"../../../Engine/Plugins/Animation/ControlRig/Content/Controls/ControlRig_HalfCircle_1mm.uexp" 344
"../../../Engine/Plugins/Animation/ControlRig/Content/Controls/ControlRig_Diamond_solid.ubulk" 345
"../../../Engine/Plugins/Animation/ControlRig/Content/Controls/ControlRig_Diamond_solid.uasset" 346
"../../../Engine/Plugins/Animation/ControlRig/Content/Controls/ControlRig_Diamond_solid.uexp" 347
"../../../Engine/Plugins/Animation/ControlRig/Content/Controls/ControlRig_Diamond_3mm.ubulk" 348
"../../../Engine/Plugins/Animation/ControlRig/Content/Controls/ControlRig_Diamond_3mm.uasset" 349
"../../../Engine/Plugins/Animation/ControlRig/Content/Controls/ControlRig_Diamond_3mm.uexp" 350
"../../../Engine/Plugins/Animation/ControlRig/Content/Controls/ControlRig_Diamond_1mm.ubulk" 351
"../../../Engine/Plugins/Animation/ControlRig/Content/Controls/ControlRig_Diamond_1mm.uasset" 352
"../../../Engine/Plugins/Animation/ControlRig/Content/Controls/ControlRig_Diamond_1mm.uexp" 353
"../../../Engine/Plugins/Animation/ControlRig/Content/Controls/ControlRig_Circle_solid.ubulk" 354
"../../../Engine/Plugins/Animation/ControlRig/Content/Controls/ControlRig_Circle_solid.uasset" 355
"../../../Engine/Plugins/Animation/ControlRig/Content/Controls/ControlRig_Circle_solid.uexp" 356
"../../../Engine/Plugins/Animation/ControlRig/Content/Controls/ControlRig_Circle_3mm.ubulk" 357
"../../../Engine/Plugins/Animation/ControlRig/Content/Controls/ControlRig_Circle_3mm.uasset" 358
"../../../Engine/Plugins/Animation/ControlRig/Content/Controls/ControlRig_Circle_3mm.uexp" 359
"../../../Engine/Plugins/Animation/ControlRig/Content/Controls/ControlRig_Circle_1mm.ubulk" 360
"../../../Engine/Plugins/Animation/ControlRig/Content/Controls/ControlRig_Circle_1mm.uasset" 361
"../../../Engine/Plugins/Animation/ControlRig/Content/Controls/ControlRig_Circle_1mm.uexp" 362
"../../../Engine/Plugins/Animation/ControlRig/Content/Controls/ControlRig_Box_solid.ubulk" 363
"../../../Engine/Plugins/Animation/ControlRig/Content/Controls/ControlRig_Box_solid.uasset" 364
"../../../Engine/Plugins/Animation/ControlRig/Content/Controls/ControlRig_Box_solid.uexp" 365
"../../../Engine/Plugins/Animation/ControlRig/Content/Controls/ControlRig_Box_3mm.ubulk" 366
"../../../Engine/Plugins/Animation/ControlRig/Content/Controls/ControlRig_Box_3mm.uasset" 367
"../../../Engine/Plugins/Animation/ControlRig/Content/Controls/ControlRig_Box_3mm.uexp" 368
"../../../Engine/Plugins/Animation/ControlRig/Content/Controls/ControlRig_Box_1mm.ubulk" 369
"../../../Engine/Plugins/Animation/ControlRig/Content/Controls/ControlRig_Box_1mm.uasset" 370
"../../../Engine/Plugins/Animation/ControlRig/Content/Controls/ControlRig_Box_1mm.uexp" 371
"../../../Engine/Plugins/Animation/ControlRig/Content/Controls/ControlRig_Arrow_solid.ubulk" 372
"../../../Engine/Plugins/Animation/ControlRig/Content/Controls/ControlRig_Arrow_solid.uasset" 373
"../../../Engine/Plugins/Animation/ControlRig/Content/Controls/ControlRig_Arrow_solid.uexp" 374
"../../../Engine/Plugins/Animation/ControlRig/Content/Controls/ControlRig_Arrow_3mm.ubulk" 375
"../../../Engine/Plugins/Animation/ControlRig/Content/Controls/ControlRig_Arrow_3mm.uasset" 376
"../../../Engine/Plugins/Animation/ControlRig/Content/Controls/ControlRig_Arrow_3mm.uexp" 377
"../../../Engine/Plugins/Animation/ControlRig/Content/Controls/ControlRig_Arrow_1mm.ubulk" 378
"../../../Engine/Plugins/Animation/ControlRig/Content/Controls/ControlRig_Arrow_1mm.uasset" 379
"../../../Engine/Plugins/Animation/ControlRig/Content/Controls/ControlRig_Arrow_1mm.uexp" 380
"../../../Engine/Plugins/Animation/ControlRig/Content/Controls/ControlRig_Arrow4_solid.ubulk" 381
"../../../Engine/Plugins/Animation/ControlRig/Content/Controls/ControlRig_Arrow4_solid.uasset" 382
"../../../Engine/Plugins/Animation/ControlRig/Content/Controls/ControlRig_Arrow4_solid.uexp" 383
"../../../Engine/Plugins/Animation/ControlRig/Content/Controls/ControlRig_Arrow4_3mm.ubulk" 384
"../../../Engine/Plugins/Animation/ControlRig/Content/Controls/ControlRig_Arrow4_3mm.uasset" 385
"../../../Engine/Plugins/Animation/ControlRig/Content/Controls/ControlRig_Arrow4_3mm.uexp" 386
"../../../Engine/Plugins/Animation/ControlRig/Content/Controls/ControlRig_Arrow4_1mm.ubulk" 387
"../../../Engine/Plugins/Animation/ControlRig/Content/Controls/ControlRig_Arrow4_1mm.uasset" 388
"../../../Engine/Plugins/Animation/ControlRig/Content/Controls/ControlRig_Arrow4_1mm.uexp" 389
"../../../Engine/Plugins/Animation/ControlRig/Content/Controls/ControlRig_Arrow2_solid.ubulk" 390
"../../../Engine/Plugins/Animation/ControlRig/Content/Controls/ControlRig_Arrow2_solid.uasset" 391
"../../../Engine/Plugins/Animation/ControlRig/Content/Controls/ControlRig_Arrow2_solid.uexp" 392
"../../../Engine/Plugins/Animation/ControlRig/Content/Controls/ControlRig_Arrow2_3mm.ubulk" 393
"../../../Engine/Plugins/Animation/ControlRig/Content/Controls/ControlRig_Arrow2_3mm.uasset" 394
"../../../Engine/Plugins/Animation/ControlRig/Content/Controls/ControlRig_Arrow2_3mm.uexp" 395
"../../../Engine/Plugins/Animation/ControlRig/Content/Controls/ControlRig_Arrow2_1mm.ubulk" 396
"../../../Engine/Plugins/Animation/ControlRig/Content/Controls/ControlRig_Arrow2_1mm.uasset" 397
"../../../Engine/Plugins/Animation/ControlRig/Content/Controls/ControlRig_Arrow2_1mm.uexp" 398
"../../../Engine/Plugins/Animation/ControlRig/Content/Controls/ControlRigXRayMaterial.uasset" 399
"../../../Engine/Plugins/Animation/ControlRig/Content/Controls/ControlRigXRayMaterial.uexp" 400
"../../../Engine/Plugins/Animation/ControlRig/Content/Controls/ControlRigGizmoMaterial.uasset" 401
"../../../Engine/Plugins/Animation/ControlRig/Content/Controls/ControlRigGizmoMaterial.uexp" 402
"../../../Engine/Content/EngineSounds/Master.uasset" 403
"../../../Engine/Content/EngineSounds/Master.uexp" 404
"../../../Engine/Content/EngineMaterials/Widget3DPassThrough.uasset" 405
"../../../Engine/Content/EngineMaterials/Widget3DPassThrough.uexp" 406
"../../../Engine/Content/EngineMaterials/Widget3DPassThrough_Translucent.uasset" 407
"../../../Engine/Content/EngineMaterials/Widget3DPassThrough_Translucent.uexp" 408
"../../../Engine/Content/EngineMaterials/Widget3DPassThrough_Translucent_OneSided.uasset" 409
"../../../Engine/Content/EngineMaterials/Widget3DPassThrough_Translucent_OneSided.uexp" 410
"../../../Engine/Content/EngineMaterials/Widget3DPassThrough_Opaque.uasset" 411
"../../../Engine/Content/EngineMaterials/Widget3DPassThrough_Opaque.uexp" 412
"../../../Engine/Content/EngineMaterials/Widget3DPassThrough_Opaque_OneSided.uasset" 413
"../../../Engine/Content/EngineMaterials/Widget3DPassThrough_Opaque_OneSided.uexp" 414
"../../../Engine/Content/EngineMaterials/Widget3DPassThrough_Masked_OneSided.uasset" 415
"../../../Engine/Content/EngineMaterials/Widget3DPassThrough_Masked_OneSided.uexp" 416
"../../../Engine/Content/EngineMaterials/Widget3DPassThrough_Masked.uasset" 417
"../../../Engine/Content/EngineMaterials/Widget3DPassThrough_Masked.uexp" 418
"../../../Engine/Content/EngineMaterials/STBlueNoise_vec2_128x128x64.uasset" 419
"../../../Engine/Content/EngineMaterials/STBlueNoise_vec2_128x128x64.uexp" 420
"../../../Engine/Content/EngineMaterials/STBlueNoise_scalar_128x128x64.uasset" 421
"../../../Engine/Content/EngineMaterials/STBlueNoise_scalar_128x128x64.uexp" 422
"../../../Engine/Content/EngineMaterials/RemoveSurfaceMaterial.uasset" 423
"../../../Engine/Content/EngineMaterials/RemoveSurfaceMaterial.uexp" 424
"../../../Engine/Content/EngineMaterials/DefaultCalibrationGrayscale.uasset" 425
"../../../Engine/Content/EngineMaterials/DefaultCalibrationGrayscale.uexp" 426
"../../../Engine/Content/EngineMaterials/PPM_DefaultCalibrationGrayscale.uasset" 427
"../../../Engine/Content/EngineMaterials/PPM_DefaultCalibrationGrayscale.uexp" 428
"../../../Engine/Content/EngineMaterials/DefaultCalibrationColor.uasset" 429
"../../../Engine/Content/EngineMaterials/DefaultCalibrationColor.uexp" 430
"../../../Engine/Content/EngineMaterials/PPM_DefaultCalibrationColor.uasset" 431
"../../../Engine/Content/EngineMaterials/PPM_DefaultCalibrationColor.uexp" 432
"../../../Engine/Content/EngineMaterials/PhAT_JointLimitMaterial.uasset" 433
"../../../Engine/Content/EngineMaterials/PhAT_JointLimitMaterial.uexp" 434
"../../../Engine/Content/EngineMaterials/NaniteHiddenSectionMaterial.uasset" 435
"../../../Engine/Content/EngineMaterials/NaniteHiddenSectionMaterial.uexp" 436
"../../../Engine/Content/EngineMaterials/InvalidLightmapSettings.ubulk" 437
"../../../Engine/Content/EngineMaterials/InvalidLightmapSettings.uasset" 438
"../../../Engine/Content/EngineMaterials/InvalidLightmapSettings.uexp" 439
"../../../Engine/Content/EngineMaterials/M_InvalidLightmapSettings.uasset" 440
"../../../Engine/Content/EngineMaterials/M_InvalidLightmapSettings.uexp" 441
"../../../Engine/Content/EngineMaterials/GizmoMaterial.uasset" 442
"../../../Engine/Content/EngineMaterials/GizmoMaterial.uexp" 443
"../../../Engine/Content/EngineMaterials/BaseFlattenEmissiveMap_VT.uasset" 444
"../../../Engine/Content/EngineMaterials/BaseFlattenEmissiveMap_VT.uexp" 445
"../../../Engine/Content/EngineMaterials/BaseFlattenGrayscaleMap_VT.uasset" 446
"../../../Engine/Content/EngineMaterials/BaseFlattenGrayscaleMap_VT.uexp" 447
"../../../Engine/Content/EngineMaterials/BaseFlattenLinearColor_VT.uasset" 448
"../../../Engine/Content/EngineMaterials/BaseFlattenLinearColor_VT.uexp" 449
"../../../Engine/Content/EngineMaterials/Black_1x1_EXR_Texture_VT.uasset" 450
"../../../Engine/Content/EngineMaterials/Black_1x1_EXR_Texture_VT.uexp" 451
"../../../Engine/Content/EngineMaterials/BaseFlattenDiffuseMap_VT.uasset" 452
"../../../Engine/Content/EngineMaterials/BaseFlattenDiffuseMap_VT.uexp" 453
"../../../Engine/Content/EngineMaterials/BaseFlattenNormalMap_VT.uasset" 454
"../../../Engine/Content/EngineMaterials/BaseFlattenNormalMap_VT.uexp" 455
"../../../Engine/Content/EngineMaterials/FlattenMaterial_WS_Normal_VT.uasset" 456
"../../../Engine/Content/EngineMaterials/FlattenMaterial_WS_Normal_VT.uexp" 457
"../../../Engine/Content/EngineMaterials/FlattenMaterial_VT.uasset" 458
"../../../Engine/Content/EngineMaterials/FlattenMaterial_VT.uexp" 459
"../../../Engine/Content/EngineMaterials/BaseFlattenNormalMap.uasset" 460
"../../../Engine/Content/EngineMaterials/BaseFlattenNormalMap.uexp" 461
"../../../Engine/Content/EngineMaterials/BaseFlattenGrayscaleMap.uasset" 462
"../../../Engine/Content/EngineMaterials/BaseFlattenGrayscaleMap.uexp" 463
"../../../Engine/Content/EngineMaterials/BaseFlattenDiffuseMap.uasset" 464
"../../../Engine/Content/EngineMaterials/BaseFlattenDiffuseMap.uexp" 465
"../../../Engine/Content/Functions/Engine_MaterialFunctions02/PivotPainter2/Black_1x1_EXR_Texture.uasset" 466
"../../../Engine/Content/Functions/Engine_MaterialFunctions02/PivotPainter2/Black_1x1_EXR_Texture.uexp" 467
"../../../Engine/Content/EngineMaterials/BaseFlattenEmissiveMap.uasset" 468
"../../../Engine/Content/EngineMaterials/BaseFlattenEmissiveMap.uexp" 469
"../../../Engine/Content/EngineMaterials/BaseFlattenLinearColor.uasset" 470
"../../../Engine/Content/EngineMaterials/BaseFlattenLinearColor.uexp" 471
"../../../Engine/Content/EngineMaterials/FlattenMaterial.uasset" 472
"../../../Engine/Content/EngineMaterials/FlattenMaterial.uexp" 473
"../../../Engine/Content/EngineMaterials/DefaultWhiteGrid_Low.uasset" 474
"../../../Engine/Content/EngineMaterials/DefaultWhiteGrid_Low.uexp" 475
"../../../Engine/Content/EngineMaterials/EmissiveMeshMaterial.uasset" 476
"../../../Engine/Content/EngineMaterials/EmissiveMeshMaterial.uexp" 477
"../../../Engine/Content/EngineFonts/RobotoDistanceField.uasset" 478
"../../../Engine/Content/EngineFonts/RobotoDistanceField.uexp" 479
"../../../Engine/Content/EngineMaterials/DefaultTextMaterialOpaque.uasset" 480
"../../../Engine/Content/EngineMaterials/DefaultTextMaterialOpaque.uexp" 481
"../../../Engine/Content/Functions/Engine_MaterialFunctions02/Utility/BreakOutFloat2Components.uasset" 482
"../../../Engine/Content/Functions/Engine_MaterialFunctions02/Utility/BreakOutFloat2Components.uexp" 483
"../../../Engine/Content/EngineMaterials/DefaultPostProcessMaterial.uasset" 484
"../../../Engine/Content/EngineMaterials/DefaultPostProcessMaterial.uexp" 485
"../../../Engine/Content/EngineMaterials/DefaultPhysicalMaterial.uasset" 486
"../../../Engine/Content/EngineMaterials/DefaultPhysicalMaterial.uexp" 487
"../../../Engine/Content/EngineMaterials/DefaultLightFunctionMaterial.uasset" 488
"../../../Engine/Content/EngineMaterials/DefaultLightFunctionMaterial.uexp" 489
"../../../Engine/Content/EngineMaterials/DefaultDestructiblePhysicalMaterial.uasset" 490
"../../../Engine/Content/EngineMaterials/DefaultDestructiblePhysicalMaterial.uexp" 491
"../../../Engine/Content/EngineMaterials/DefaultDeferredDecalMaterial.uasset" 492
"../../../Engine/Content/EngineMaterials/DefaultDeferredDecalMaterial.uexp" 493
"../../../Engine/Content/EngineMaterials/DefaultBloomKernel.uasset" 494
"../../../Engine/Content/EngineMaterials/DefaultBloomKernel.uexp" 495
"../../../Engine/Content/EngineFonts/Faces/RobotoLight.uexp" 496
"../../../Engine/Content/EngineFonts/Faces/RobotoLight.uasset" 497
"../../../Engine/Content/EngineFonts/Faces/RobotoLight.ufont" 498
"../../../Engine/Content/EngineFonts/Faces/RobotoBold.uexp" 499
"../../../Engine/Content/EngineFonts/Faces/RobotoBold.uasset" 500
"../../../Engine/Content/EngineFonts/Faces/RobotoBold.ufont" 501
"../../../Engine/Content/EngineFonts/Faces/RobotoRegular.uexp" 502
"../../../Engine/Content/EngineFonts/Faces/RobotoRegular.uasset" 503
"../../../Engine/Content/EngineFonts/Faces/RobotoRegular.ufont" 504
"../../../Engine/Content/EngineFonts/Faces/DroidSansFallback.uexp" 505
"../../../Engine/Content/EngineFonts/Faces/DroidSansFallback.uasset" 506
"../../../Engine/Content/EngineFonts/Faces/DroidSansFallback.ufont" 507
"../../../Engine/Content/EngineFonts/Faces/RobotoItalic.uexp" 508
"../../../Engine/Content/EngineFonts/Faces/RobotoItalic.uasset" 509
"../../../Engine/Content/EngineFonts/Faces/RobotoItalic.ufont" 510
"../../../Engine/Content/EngineFonts/Faces/RobotoBoldItalic.uexp" 511
"../../../Engine/Content/EngineFonts/Faces/RobotoBoldItalic.uasset" 512
"../../../Engine/Content/EngineFonts/Faces/RobotoBoldItalic.ufont" 513
"../../../Engine/Content/EngineFonts/Roboto.uasset" 514
"../../../Engine/Content/EngineFonts/Roboto.uexp" 515
"../../../Engine/Content/Functions/Engine_MaterialFunctions02/Utility/CameraDirectionVector.uasset" 516
"../../../Engine/Content/Functions/Engine_MaterialFunctions02/Utility/CameraDirectionVector.uexp" 517
"../../../Engine/Content/EngineDebugMaterials/VolumeToRender.uasset" 518
"../../../Engine/Content/EngineDebugMaterials/VolumeToRender.uexp" 519
"../../../Engine/Content/EngineDebugMaterials/M_VolumeRenderSphereTracePP.uasset" 520
"../../../Engine/Content/EngineDebugMaterials/M_VolumeRenderSphereTracePP.uexp" 521
"../../../Engine/Content/EngineDebugMaterials/M_SimpleUnlitTranslucent.uasset" 522
"../../../Engine/Content/EngineDebugMaterials/M_SimpleUnlitTranslucent.uexp" 523
"../../../Engine/Content/EngineDebugMaterials/DebugMeshMaterial.uasset" 524
"../../../Engine/Content/EngineDebugMaterials/DebugMeshMaterial.uexp" 525
"../../../Engine/Content/EngineDebugMaterials/DebugEditorMaterial.uasset" 526
"../../../Engine/Content/EngineDebugMaterials/DebugEditorMaterial.uexp" 527
"../../../Engine/Content/EngineDamageTypes/DmgTypeBP_Environmental.uasset" 528
"../../../Engine/Content/EngineDamageTypes/DmgTypeBP_Environmental.uexp" 529
"../../../Engine/Content/EditorResources/EmptyActor.uasset" 530
"../../../Engine/Content/EditorResources/EmptyActor.uexp" 531
"../../../Engine/Content/EditorResources/BSPVertex.uasset" 532
"../../../Engine/Content/EditorResources/BSPVertex.uexp" 533
"../../../Engine/Content/EditorMaterials/PreviewShadowIndicator.ubulk" 534
"../../../Engine/Content/EditorMaterials/PreviewShadowIndicator.uasset" 535
"../../../Engine/Content/EditorMaterials/PreviewShadowIndicator.uexp" 536
"../../../Engine/Content/EditorMaterials/PreviewShadowIndicatorMaterial.uasset" 537
"../../../Engine/Content/EditorMaterials/PreviewShadowIndicatorMaterial.uexp" 538
"../../../Engine/Content/EditorMaterials/PhAT_UnselectedMaterial.uasset" 539
"../../../Engine/Content/EditorMaterials/PhAT_UnselectedMaterial.uexp" 540
"../../../Engine/Content/EditorMaterials/PhAT_NoCollisionMaterial.uasset" 541
"../../../Engine/Content/EditorMaterials/PhAT_NoCollisionMaterial.uexp" 542
"../../../Engine/Content/EditorLandscapeResources/DataLayer.uasset" 543
"../../../Engine/Content/EditorLandscapeResources/DataLayer.uexp" 544
"../../../Engine/Content/BasicShapes/Plane.ubulk" 545
"../../../Engine/Content/BasicShapes/Plane.uasset" 546
"../../../Engine/Content/BasicShapes/Plane.uexp" 547
"../../../Engine/Content/EngineMaterials/DefaultMaterial.uasset" 548
"../../../Engine/Content/EngineMaterials/DefaultMaterial.uexp" 549
"../../../Engine/Content/BasicShapes/Cylinder.ubulk" 550
"../../../Engine/Content/BasicShapes/Cylinder.uasset" 551
"../../../Engine/Content/BasicShapes/Cylinder.uexp" 552
"../../../Engine/Plugins/Enterprise/DatasmithContent/Content/Materials/_common/Textures/T_GenericBrickGlass_M.ubulk" 553
"../../../Engine/Plugins/Enterprise/DatasmithContent/Content/Materials/_common/Textures/T_GenericBrickGlass_M.uasset" 554
"../../../Engine/Plugins/Enterprise/DatasmithContent/Content/Materials/_common/Textures/T_GenericBrickGlass_M.uexp" 555
"../../../Engine/Content/Functions/Engine_MaterialFunctions02/Math/Transform3x3Matrix.uasset" 556
"../../../Engine/Content/Functions/Engine_MaterialFunctions02/Math/Transform3x3Matrix.uexp" 557
"../../../Engine/Plugins/Enterprise/DatasmithContent/Content/Materials/_common/Textures/T_Generic_N.uasset" 558
"../../../Engine/Plugins/Enterprise/DatasmithContent/Content/Materials/_common/Textures/T_Generic_N.uexp" 559
"../../../Engine/Plugins/Enterprise/DatasmithContent/Content/Materials/_common/MaterialFunctions/MF_Triplanar_NormalsCorrection.uasset" 560
"../../../Engine/Plugins/Enterprise/DatasmithContent/Content/Materials/_common/MaterialFunctions/MF_Triplanar_NormalsCorrection.uexp" 561
"../../../Engine/Content/Functions/Engine_MaterialFunctions02/Utility/MakeFloat3.uasset" 562
"../../../Engine/Content/Functions/Engine_MaterialFunctions02/Utility/MakeFloat3.uexp" 563
"../../../Engine/Plugins/Enterprise/DatasmithContent/Content/Materials/_common/MaterialFunctions/BaseModules/MF_Normals.uasset" 564
"../../../Engine/Plugins/Enterprise/DatasmithContent/Content/Materials/_common/MaterialFunctions/BaseModules/MF_Normals.uexp" 565
"../../../Engine/Plugins/Enterprise/DatasmithContent/Content/Materials/_common/MaterialFunctions/MF_RotateV2.uasset" 566
"../../../Engine/Plugins/Enterprise/DatasmithContent/Content/Materials/_common/MaterialFunctions/MF_RotateV2.uexp" 567
"../../../Engine/Plugins/Enterprise/DatasmithContent/Content/Materials/_common/MaterialFunctions/MF_TransUVs.uasset" 568
"../../../Engine/Plugins/Enterprise/DatasmithContent/Content/Materials/_common/MaterialFunctions/MF_TransUVs.uexp" 569
"../../../Engine/Plugins/Enterprise/DatasmithContent/Content/Materials/_common/MaterialFunctions/BaseModules/MF_TransformUVs.uasset" 570
"../../../Engine/Plugins/Enterprise/DatasmithContent/Content/Materials/_common/MaterialFunctions/BaseModules/MF_TransformUVs.uexp" 571
"../../../Engine/Plugins/Enterprise/DatasmithContent/Content/Materials/StdTranslucent/MFAttr_StdTranslucent.uasset" 572
"../../../Engine/Plugins/Enterprise/DatasmithContent/Content/Materials/StdTranslucent/MFAttr_StdTranslucent.uexp" 573
"../../../Engine/Content/Functions/Engine_MaterialFunctions02/WorldPositionOffset/LocalPosition.uasset" 574
"../../../Engine/Content/Functions/Engine_MaterialFunctions02/WorldPositionOffset/LocalPosition.uexp" 575
"../../../Engine/Plugins/Enterprise/DatasmithContent/Content/Materials/_common/MaterialFunctions/MF_Triplanar_Mask.uasset" 576
"../../../Engine/Plugins/Enterprise/DatasmithContent/Content/Materials/_common/MaterialFunctions/MF_Triplanar_Mask.uexp" 577
"../../../Engine/Plugins/Enterprise/DatasmithContent/Content/Materials/_common/MaterialFunctions/MF_TriplanerProj.uasset" 578
"../../../Engine/Plugins/Enterprise/DatasmithContent/Content/Materials/_common/MaterialFunctions/MF_TriplanerProj.uexp" 579
"../../../Engine/Plugins/Enterprise/DatasmithContent/Content/Materials/StdTranslucent/M_StdTranslucent.uasset" 580
"../../../Engine/Plugins/Enterprise/DatasmithContent/Content/Materials/StdTranslucent/M_StdTranslucent.uexp" 581
"../../../Engine/Content/Functions/Engine_MaterialFunctions02/Math/InverseTransformMatrix.uasset" 582
"../../../Engine/Content/Functions/Engine_MaterialFunctions02/Math/InverseTransformMatrix.uexp" 583
"../../../Engine/Plugins/Enterprise/DatasmithContent/Content/Materials/_common/MaterialFunctions/MF_ViewTrace_DerivedTan.uasset" 584
"../../../Engine/Plugins/Enterprise/DatasmithContent/Content/Materials/_common/MaterialFunctions/MF_ViewTrace_DerivedTan.uexp" 585
"../../../Engine/Plugins/Enterprise/DatasmithContent/Content/Materials/_common/MaterialFunctions/RayTracing/MF_RTSwitch.uasset" 586
"../../../Engine/Plugins/Enterprise/DatasmithContent/Content/Materials/_common/MaterialFunctions/RayTracing/MF_RTSwitch.uexp" 587
"../../../Engine/Plugins/Enterprise/DatasmithContent/Content/Materials/_common/MaterialFunctions/MF_ViewTrace_InternalTan.uasset" 588
"../../../Engine/Plugins/Enterprise/DatasmithContent/Content/Materials/_common/MaterialFunctions/MF_ViewTrace_InternalTan.uexp" 589
"../../../Engine/Plugins/Enterprise/DatasmithContent/Content/Materials/_common/Textures/T_Generic_H.uasset" 590
"../../../Engine/Plugins/Enterprise/DatasmithContent/Content/Materials/_common/Textures/T_Generic_H.uexp" 591
"../../../Engine/Plugins/Enterprise/DatasmithContent/Content/Materials/_common/MaterialFunctions/BaseModules/MF_ParallaxOcc.uasset" 592
"../../../Engine/Plugins/Enterprise/DatasmithContent/Content/Materials/_common/MaterialFunctions/BaseModules/MF_ParallaxOcc.uexp" 593
"../../../Engine/Plugins/Enterprise/DatasmithContent/Content/Materials/_common/Textures/T_Generic_BC.uasset" 594
"../../../Engine/Plugins/Enterprise/DatasmithContent/Content/Materials/_common/Textures/T_Generic_BC.uexp" 595
"../../../Engine/Plugins/Enterprise/DatasmithContent/Content/Materials/_common/Textures/T_Generic_M.uasset" 596
"../../../Engine/Plugins/Enterprise/DatasmithContent/Content/Materials/_common/Textures/T_Generic_M.uexp" 597
"../../../Engine/Plugins/Enterprise/DatasmithContent/Content/Materials/_common/MaterialFunctions/BaseModules/MF_BaseColor.uasset" 598
"../../../Engine/Plugins/Enterprise/DatasmithContent/Content/Materials/_common/MaterialFunctions/BaseModules/MF_BaseColor.uexp" 599
"../../../Engine/Plugins/Enterprise/DatasmithContent/Content/Materials/_common/Textures/T_Generic_E.uasset" 600
"../../../Engine/Plugins/Enterprise/DatasmithContent/Content/Materials/_common/Textures/T_Generic_E.uexp" 601
"../../../Engine/Plugins/Enterprise/DatasmithContent/Content/Materials/_common/MaterialFunctions/BaseModules/MF_Emissive.uasset" 602
"../../../Engine/Plugins/Enterprise/DatasmithContent/Content/Materials/_common/MaterialFunctions/BaseModules/MF_Emissive.uexp" 603
"../../../Engine/Plugins/Enterprise/DatasmithContent/Content/Materials/_common/Textures/T_Generic_MT.uasset" 604
"../../../Engine/Plugins/Enterprise/DatasmithContent/Content/Materials/_common/Textures/T_Generic_MT.uexp" 605
"../../../Engine/Plugins/Enterprise/DatasmithContent/Content/Materials/_common/MaterialFunctions/BaseModules/MF_Metallic.uasset" 606
"../../../Engine/Plugins/Enterprise/DatasmithContent/Content/Materials/_common/MaterialFunctions/BaseModules/MF_Metallic.uexp" 607
"../../../Engine/Plugins/Enterprise/DatasmithContent/Content/Materials/_common/Textures/T_GenericHalfGray_R.uasset" 608
"../../../Engine/Plugins/Enterprise/DatasmithContent/Content/Materials/_common/Textures/T_GenericHalfGray_R.uexp" 609
"../../../Engine/Plugins/Enterprise/DatasmithContent/Content/Materials/_common/MaterialFunctions/BaseModules/MF_Roughness.uasset" 610
"../../../Engine/Plugins/Enterprise/DatasmithContent/Content/Materials/_common/MaterialFunctions/BaseModules/MF_Roughness.uexp" 611
"../../../Engine/Plugins/Enterprise/DatasmithContent/Content/Materials/StdOpaque/MFAttr_StdOpaque.uasset" 612
"../../../Engine/Plugins/Enterprise/DatasmithContent/Content/Materials/StdOpaque/MFAttr_StdOpaque.uexp" 613
"../../../Engine/Plugins/Enterprise/DatasmithContent/Content/Materials/StdOpaque/M_StdOpaque.uasset" 614
"../../../Engine/Plugins/Enterprise/DatasmithContent/Content/Materials/StdOpaque/M_StdOpaque.uexp" 615
"../../../Engine/Plugins/Enterprise/DatasmithContent/Content/Materials/StdEmissive/MFAttr_Emissive.uasset" 616
"../../../Engine/Plugins/Enterprise/DatasmithContent/Content/Materials/StdEmissive/MFAttr_Emissive.uexp" 617
"../../../Engine/Plugins/Enterprise/DatasmithContent/Content/Materials/StdEmissive/M_StdEmissive.uasset" 618
"../../../Engine/Plugins/Enterprise/DatasmithContent/Content/Materials/StdEmissive/M_StdEmissive.uexp" 619
"D:/Unreal Projects/Game-Dev-Lab-Group/GDL_Group_Game/Content/FPSAssaultPack/Meshes/Rifle/SK_Rifle_Skeleton.uasset" 620
"D:/Unreal Projects/Game-Dev-Lab-Group/GDL_Group_Game/Content/FPSAssaultPack/Meshes/Rifle/SK_Rifle_Skeleton.uexp" 621
"D:/Unreal Projects/Game-Dev-Lab-Group/GDL_Group_Game/Content/FPSAssaultPack/Animations/Rifle/ABP_Rifle.uasset" 622
"D:/Unreal Projects/Game-Dev-Lab-Group/GDL_Group_Game/Content/FPSAssaultPack/Animations/Rifle/ABP_Rifle.uexp" 623
"../../../Engine/Content/Animation/DefaultAnimCurveCompressionSettings.uasset" 624
"../../../Engine/Content/Animation/DefaultAnimCurveCompressionSettings.uexp" 625
"D:/Unreal Projects/Game-Dev-Lab-Group/GDL_Group_Game/Content/FPSAssaultPack/FPS_Arms/Meshes/Arms/SK_Custom_Arms_Skeleton.uasset" 626
"D:/Unreal Projects/Game-Dev-Lab-Group/GDL_Group_Game/Content/FPSAssaultPack/FPS_Arms/Meshes/Arms/SK_Custom_Arms_Skeleton.uexp" 627
"../../../Engine/Content/Animation/DefaultAnimBoneCompressionSettings.uasset" 628
"../../../Engine/Content/Animation/DefaultAnimBoneCompressionSettings.uexp" 629
"D:/Unreal Projects/Game-Dev-Lab-Group/GDL_Group_Game/Content/FPSAssaultPack/Animations/A_Arms_Rifle_Idle01.uasset" 630
"D:/Unreal Projects/Game-Dev-Lab-Group/GDL_Group_Game/Content/FPSAssaultPack/Animations/A_Arms_Rifle_Idle01.uexp" 631
"D:/Unreal Projects/Game-Dev-Lab-Group/GDL_Group_Game/Content/MyContent/Characters/BP_Character.uasset" 632
"D:/Unreal Projects/Game-Dev-Lab-Group/GDL_Group_Game/Content/MyContent/Characters/BP_Character.uexp" 633
"D:/Unreal Projects/Game-Dev-Lab-Group/GDL_Group_Game/Content/MyContent/Characters/UI/UI_PlayerHUD.uasset" 634
"D:/Unreal Projects/Game-Dev-Lab-Group/GDL_Group_Game/Content/MyContent/Characters/UI/UI_PlayerHUD.uexp" 635
"D:/Unreal Projects/Game-Dev-Lab-Group/GDL_Group_Game/Content/FPSAssaultPack/Animations/A_Arms_Rifle_Idle02.uasset" 636
"D:/Unreal Projects/Game-Dev-Lab-Group/GDL_Group_Game/Content/FPSAssaultPack/Animations/A_Arms_Rifle_Idle02.uexp" 637
"D:/Unreal Projects/Game-Dev-Lab-Group/GDL_Group_Game/Content/FPSAssaultPack/Animations/A_Arms_Rifle_Walk_FWD.uasset" 638
"D:/Unreal Projects/Game-Dev-Lab-Group/GDL_Group_Game/Content/FPSAssaultPack/Animations/A_Arms_Rifle_Walk_FWD.uexp" 639
"D:/Unreal Projects/Game-Dev-Lab-Group/GDL_Group_Game/Content/FPSAssaultPack/Animations/A_Arms_Rifle_Falling.uasset" 640
"D:/Unreal Projects/Game-Dev-Lab-Group/GDL_Group_Game/Content/FPSAssaultPack/Animations/A_Arms_Rifle_Falling.uexp" 641
"../../../Engine/Content/EditorBlueprintResources/StandardMacros.uasset" 642
"../../../Engine/Content/EditorBlueprintResources/StandardMacros.uexp" 643
"D:/Unreal Projects/Game-Dev-Lab-Group/GDL_Group_Game/Content/MyContent/Characters/ABP_PlayerCharacter.uasset" 644
"D:/Unreal Projects/Game-Dev-Lab-Group/GDL_Group_Game/Content/MyContent/Characters/ABP_PlayerCharacter.uexp" 645
"../../../Engine/Content/Functions/Engine_MaterialFunctions02/Utility/BlendAngleCorrectedNormals.uasset" 646
"../../../Engine/Content/Functions/Engine_MaterialFunctions02/Utility/BlendAngleCorrectedNormals.uexp" 647
"../../../Engine/Content/Functions/MaterialLayerFunctions/MatLayerBlend_NormalBlend.uasset" 648
"../../../Engine/Content/Functions/MaterialLayerFunctions/MatLayerBlend_NormalBlend.uexp" 649
"D:/Unreal Projects/Game-Dev-Lab-Group/GDL_Group_Game/Content/FirstPersonArms/Character/Materials/MaterialLayers/T_ML_Rubber_Blue_01_N.ubulk" 650
"D:/Unreal Projects/Game-Dev-Lab-Group/GDL_Group_Game/Content/FirstPersonArms/Character/Materials/MaterialLayers/T_ML_Rubber_Blue_01_N.uasset" 651
"D:/Unreal Projects/Game-Dev-Lab-Group/GDL_Group_Game/Content/FirstPersonArms/Character/Materials/MaterialLayers/T_ML_Rubber_Blue_01_N.uexp" 652
"D:/Unreal Projects/Game-Dev-Lab-Group/GDL_Group_Game/Content/FirstPersonArms/Character/Materials/MaterialLayers/T_ML_Rubber_Blue_01_D.ubulk" 653
"D:/Unreal Projects/Game-Dev-Lab-Group/GDL_Group_Game/Content/FirstPersonArms/Character/Materials/MaterialLayers/T_ML_Rubber_Blue_01_D.uasset" 654
"D:/Unreal Projects/Game-Dev-Lab-Group/GDL_Group_Game/Content/FirstPersonArms/Character/Materials/MaterialLayers/T_ML_Rubber_Blue_01_D.uexp" 655
"D:/Unreal Projects/Game-Dev-Lab-Group/GDL_Group_Game/Content/FirstPersonArms/Character/Materials/MaterialLayers/ML_GlossyBlack_Latex_UE4.uasset" 656
"D:/Unreal Projects/Game-Dev-Lab-Group/GDL_Group_Game/Content/FirstPersonArms/Character/Materials/MaterialLayers/ML_GlossyBlack_Latex_UE4.uexp" 657
"D:/Unreal Projects/Game-Dev-Lab-Group/GDL_Group_Game/Content/FirstPersonArms/Character/Textures/UE4_Mannequin_MAT_MASKA.ubulk" 658
"D:/Unreal Projects/Game-Dev-Lab-Group/GDL_Group_Game/Content/FirstPersonArms/Character/Textures/UE4_Mannequin_MAT_MASKA.uasset" 659
"D:/Unreal Projects/Game-Dev-Lab-Group/GDL_Group_Game/Content/FirstPersonArms/Character/Textures/UE4_Mannequin_MAT_MASKA.uexp" 660
"D:/Unreal Projects/Game-Dev-Lab-Group/GDL_Group_Game/Content/FirstPersonArms/Character/Textures/UE4_LOGO_CARD.ubulk" 661
"D:/Unreal Projects/Game-Dev-Lab-Group/GDL_Group_Game/Content/FirstPersonArms/Character/Textures/UE4_LOGO_CARD.uasset" 662
"D:/Unreal Projects/Game-Dev-Lab-Group/GDL_Group_Game/Content/FirstPersonArms/Character/Textures/UE4_LOGO_CARD.uexp" 663
"D:/Unreal Projects/Game-Dev-Lab-Group/GDL_Group_Game/Content/FirstPersonArms/Character/Materials/MaterialLayers/ML_Plastic_Shiny_Beige_LOGO.uasset" 664
"D:/Unreal Projects/Game-Dev-Lab-Group/GDL_Group_Game/Content/FirstPersonArms/Character/Materials/MaterialLayers/ML_Plastic_Shiny_Beige_LOGO.uexp" 665
"../../../Engine/Content/Functions/MaterialLayerFunctions/MatLayerBlend_Simple.uasset" 666
"../../../Engine/Content/Functions/MaterialLayerFunctions/MatLayerBlend_Simple.uexp" 667
"D:/Unreal Projects/Game-Dev-Lab-Group/GDL_Group_Game/Content/FirstPersonArms/Character/Materials/MaterialLayers/T_ML_Aluminum01.ubulk" 668
"D:/Unreal Projects/Game-Dev-Lab-Group/GDL_Group_Game/Content/FirstPersonArms/Character/Materials/MaterialLayers/T_ML_Aluminum01.uasset" 669
"D:/Unreal Projects/Game-Dev-Lab-Group/GDL_Group_Game/Content/FirstPersonArms/Character/Materials/MaterialLayers/T_ML_Aluminum01.uexp" 670
"D:/Unreal Projects/Game-Dev-Lab-Group/GDL_Group_Game/Content/FirstPersonArms/Character/Materials/MaterialLayers/T_ML_Aluminum01_N.ubulk" 671
"D:/Unreal Projects/Game-Dev-Lab-Group/GDL_Group_Game/Content/FirstPersonArms/Character/Materials/MaterialLayers/T_ML_Aluminum01_N.uasset" 672
"D:/Unreal Projects/Game-Dev-Lab-Group/GDL_Group_Game/Content/FirstPersonArms/Character/Materials/MaterialLayers/T_ML_Aluminum01_N.uexp" 673
"D:/Unreal Projects/Game-Dev-Lab-Group/GDL_Group_Game/Content/FirstPersonArms/Character/Materials/MaterialLayers/ML_SoftMetal_UE4.uasset" 674
"D:/Unreal Projects/Game-Dev-Lab-Group/GDL_Group_Game/Content/FirstPersonArms/Character/Materials/MaterialLayers/ML_SoftMetal_UE4.uexp" 675
"D:/Unreal Projects/Game-Dev-Lab-Group/GDL_Group_Game/Content/FirstPersonArms/Character/Materials/MaterialLayers/ML_Plastic_Shiny_Beige.uasset" 676
"D:/Unreal Projects/Game-Dev-Lab-Group/GDL_Group_Game/Content/FirstPersonArms/Character/Materials/MaterialLayers/ML_Plastic_Shiny_Beige.uexp" 677
"D:/Unreal Projects/Game-Dev-Lab-Group/GDL_Group_Game/Content/FirstPersonArms/Character/Textures/UE4_Mannequin__normals.ubulk" 678
"D:/Unreal Projects/Game-Dev-Lab-Group/GDL_Group_Game/Content/FirstPersonArms/Character/Textures/UE4_Mannequin__normals.uasset" 679
"D:/Unreal Projects/Game-Dev-Lab-Group/GDL_Group_Game/Content/FirstPersonArms/Character/Textures/UE4_Mannequin__normals.uexp" 680
"D:/Unreal Projects/Game-Dev-Lab-Group/GDL_Group_Game/Content/FirstPersonArms/Character/Materials/M_UE4Man_Body.uasset" 681
"D:/Unreal Projects/Game-Dev-Lab-Group/GDL_Group_Game/Content/FirstPersonArms/Character/Materials/M_UE4Man_Body.uexp" 682
"D:/Unreal Projects/Game-Dev-Lab-Group/GDL_Group_Game/Content/FPSAssaultPack/Textures/Rifle/T_Rifle_Carry_NRM.ubulk" 683
"D:/Unreal Projects/Game-Dev-Lab-Group/GDL_Group_Game/Content/FPSAssaultPack/Textures/Rifle/T_Rifle_Carry_NRM.uasset" 684
"D:/Unreal Projects/Game-Dev-Lab-Group/GDL_Group_Game/Content/FPSAssaultPack/Textures/Rifle/T_Rifle_Carry_NRM.uexp" 685
"D:/Unreal Projects/Game-Dev-Lab-Group/GDL_Group_Game/Content/FPSAssaultPack/Textures/Rifle/T_Rifle_Carry_ALB.uasset" 686
"D:/Unreal Projects/Game-Dev-Lab-Group/GDL_Group_Game/Content/FPSAssaultPack/Textures/Rifle/T_Rifle_Carry_ALB.uexp" 687
"D:/Unreal Projects/Game-Dev-Lab-Group/GDL_Group_Game/Content/FPSAssaultPack/Textures/Rifle/T_Rifle_ALB.uasset" 688
"D:/Unreal Projects/Game-Dev-Lab-Group/GDL_Group_Game/Content/FPSAssaultPack/Textures/Rifle/T_Rifle_ALB.uexp" 689
"D:/Unreal Projects/Game-Dev-Lab-Group/GDL_Group_Game/Content/FPSAssaultPack/Textures/Rifle/T_Rifle_M_MSK.uasset" 690
"D:/Unreal Projects/Game-Dev-Lab-Group/GDL_Group_Game/Content/FPSAssaultPack/Textures/Rifle/T_Rifle_M_MSK.uexp" 691
"D:/Unreal Projects/Game-Dev-Lab-Group/GDL_Group_Game/Content/FPSAssaultPack/Textures/Rifle/T_Rifle_NRM.ubulk" 692
"D:/Unreal Projects/Game-Dev-Lab-Group/GDL_Group_Game/Content/FPSAssaultPack/Textures/Rifle/T_Rifle_NRM.uasset" 693
"D:/Unreal Projects/Game-Dev-Lab-Group/GDL_Group_Game/Content/FPSAssaultPack/Textures/Rifle/T_Rifle_NRM.uexp" 694
"D:/Unreal Projects/Game-Dev-Lab-Group/GDL_Group_Game/Content/FPSAssaultPack/Textures/RU74/T_RU74_Body_ALB.ubulk" 695
"D:/Unreal Projects/Game-Dev-Lab-Group/GDL_Group_Game/Content/FPSAssaultPack/Textures/RU74/T_RU74_Body_ALB.uasset" 696
"D:/Unreal Projects/Game-Dev-Lab-Group/GDL_Group_Game/Content/FPSAssaultPack/Textures/RU74/T_RU74_Body_ALB.uexp" 697
"D:/Unreal Projects/Game-Dev-Lab-Group/GDL_Group_Game/Content/FPSAssaultPack/Textures/RU74/T_RU74_Body_NRM.ubulk" 698
"D:/Unreal Projects/Game-Dev-Lab-Group/GDL_Group_Game/Content/FPSAssaultPack/Textures/RU74/T_RU74_Body_NRM.uasset" 699
"D:/Unreal Projects/Game-Dev-Lab-Group/GDL_Group_Game/Content/FPSAssaultPack/Textures/RU74/T_RU74_Body_NRM.uexp" 700
"D:/Unreal Projects/Game-Dev-Lab-Group/GDL_Group_Game/Content/FPSAssaultPack/Textures/RU74/T_RU74_Body_M_MSK.ubulk" 701
"D:/Unreal Projects/Game-Dev-Lab-Group/GDL_Group_Game/Content/FPSAssaultPack/Textures/RU74/T_RU74_Body_M_MSK.uasset" 702
"D:/Unreal Projects/Game-Dev-Lab-Group/GDL_Group_Game/Content/FPSAssaultPack/Textures/RU74/T_RU74_Body_M_MSK.uexp" 703
"D:/Unreal Projects/Game-Dev-Lab-Group/GDL_Group_Game/Content/FPSAssaultPack/Materials/Rifle/M_Rifle_Master.uasset" 704
"D:/Unreal Projects/Game-Dev-Lab-Group/GDL_Group_Game/Content/FPSAssaultPack/Materials/Rifle/M_Rifle_Master.uexp" 705
"D:/Unreal Projects/Game-Dev-Lab-Group/GDL_Group_Game/Content/FPSAssaultPack/Materials/Rifle/M_Rifle.uasset" 706
"D:/Unreal Projects/Game-Dev-Lab-Group/GDL_Group_Game/Content/FPSAssaultPack/Materials/Rifle/M_Rifle.uexp" 707
"D:/Unreal Projects/Game-Dev-Lab-Group/GDL_Group_Game/Content/FPSAssaultPack/Textures/Rifle/T_Rifle_Carry_M_MSK.uasset" 708
"D:/Unreal Projects/Game-Dev-Lab-Group/GDL_Group_Game/Content/FPSAssaultPack/Textures/Rifle/T_Rifle_Carry_M_MSK.uexp" 709
"D:/Unreal Projects/Game-Dev-Lab-Group/GDL_Group_Game/Content/FPSAssaultPack/Materials/Rifle/M_Rifle_Carry.uasset" 710
"D:/Unreal Projects/Game-Dev-Lab-Group/GDL_Group_Game/Content/FPSAssaultPack/Materials/Rifle/M_Rifle_Carry.uexp" 711
"D:/Unreal Projects/Game-Dev-Lab-Group/GDL_Group_Game/Content/FPSAssaultPack/Meshes/Rifle/SK_Rifle_PhysicsAsset.uasset" 712
"D:/Unreal Projects/Game-Dev-Lab-Group/GDL_Group_Game/Content/FPSAssaultPack/Meshes/Rifle/SK_Rifle_PhysicsAsset.uexp" 713
"D:/Unreal Projects/Game-Dev-Lab-Group/GDL_Group_Game/Content/FPSAssaultPack/Textures/Rifle/T_Rifle_Furniture_NRM.ubulk" 714
"D:/Unreal Projects/Game-Dev-Lab-Group/GDL_Group_Game/Content/FPSAssaultPack/Textures/Rifle/T_Rifle_Furniture_NRM.uasset" 715
"D:/Unreal Projects/Game-Dev-Lab-Group/GDL_Group_Game/Content/FPSAssaultPack/Textures/Rifle/T_Rifle_Furniture_NRM.uexp" 716
"D:/Unreal Projects/Game-Dev-Lab-Group/GDL_Group_Game/Content/FPSAssaultPack/Textures/Rifle/T_Rifle_Furniture_M_MSK.uasset" 717
"D:/Unreal Projects/Game-Dev-Lab-Group/GDL_Group_Game/Content/FPSAssaultPack/Textures/Rifle/T_Rifle_Furniture_M_MSK.uexp" 718
"D:/Unreal Projects/Game-Dev-Lab-Group/GDL_Group_Game/Content/FPSAssaultPack/Textures/Rifle/T_Rifle_Furniture_ALB.uasset" 719
"D:/Unreal Projects/Game-Dev-Lab-Group/GDL_Group_Game/Content/FPSAssaultPack/Textures/Rifle/T_Rifle_Furniture_ALB.uexp" 720
"D:/Unreal Projects/Game-Dev-Lab-Group/GDL_Group_Game/Content/FPSAssaultPack/Materials/Rifle/M_Rifle_Furniture.uasset" 721
"D:/Unreal Projects/Game-Dev-Lab-Group/GDL_Group_Game/Content/FPSAssaultPack/Materials/Rifle/M_Rifle_Furniture.uexp" 722
"D:/Unreal Projects/Game-Dev-Lab-Group/GDL_Group_Game/Content/FPSAssaultPack/Meshes/Rifle/SK_Rifle.uasset" 723
"D:/Unreal Projects/Game-Dev-Lab-Group/GDL_Group_Game/Content/FPSAssaultPack/Meshes/Rifle/SK_Rifle.uexp" 724
"D:/Unreal Projects/Game-Dev-Lab-Group/GDL_Group_Game/Content/FPSAssaultPack/FPS_Arms/Meshes/Arms/SK_Custom_Arms_Physics.uasset" 725
"D:/Unreal Projects/Game-Dev-Lab-Group/GDL_Group_Game/Content/FPSAssaultPack/FPS_Arms/Meshes/Arms/SK_Custom_Arms_Physics.uexp" 726
"D:/Unreal Projects/Game-Dev-Lab-Group/GDL_Group_Game/Content/FPSAssaultPack/FPS_Arms/Textures/Arms/T_Arms_M_MSK.ubulk" 727
"D:/Unreal Projects/Game-Dev-Lab-Group/GDL_Group_Game/Content/FPSAssaultPack/FPS_Arms/Textures/Arms/T_Arms_M_MSK.uasset" 728
"D:/Unreal Projects/Game-Dev-Lab-Group/GDL_Group_Game/Content/FPSAssaultPack/FPS_Arms/Textures/Arms/T_Arms_M_MSK.uexp" 729
"D:/Unreal Projects/Game-Dev-Lab-Group/GDL_Group_Game/Content/FPSAssaultPack/FPS_Arms/Textures/Arms/T_Arms_ALB.ubulk" 730
"D:/Unreal Projects/Game-Dev-Lab-Group/GDL_Group_Game/Content/FPSAssaultPack/FPS_Arms/Textures/Arms/T_Arms_ALB.uasset" 731
"D:/Unreal Projects/Game-Dev-Lab-Group/GDL_Group_Game/Content/FPSAssaultPack/FPS_Arms/Textures/Arms/T_Arms_ALB.uexp" 732
"D:/Unreal Projects/Game-Dev-Lab-Group/GDL_Group_Game/Content/FPSAssaultPack/FPS_Arms/Textures/Arms/T_Arms_NRM.ubulk" 733
"D:/Unreal Projects/Game-Dev-Lab-Group/GDL_Group_Game/Content/FPSAssaultPack/FPS_Arms/Textures/Arms/T_Arms_NRM.uasset" 734
"D:/Unreal Projects/Game-Dev-Lab-Group/GDL_Group_Game/Content/FPSAssaultPack/FPS_Arms/Textures/Arms/T_Arms_NRM.uexp" 735
"D:/Unreal Projects/Game-Dev-Lab-Group/GDL_Group_Game/Content/FPSAssaultPack/FPS_Arms/Materials/Arms/M_Arms.uasset" 736
"D:/Unreal Projects/Game-Dev-Lab-Group/GDL_Group_Game/Content/FPSAssaultPack/FPS_Arms/Materials/Arms/M_Arms.uexp" 737
"D:/Unreal Projects/Game-Dev-Lab-Group/GDL_Group_Game/Content/FPSAssaultPack/FPS_Arms/Meshes/Arms/SK_Custom_Arms.uasset" 738
"D:/Unreal Projects/Game-Dev-Lab-Group/GDL_Group_Game/Content/FPSAssaultPack/FPS_Arms/Meshes/Arms/SK_Custom_Arms.uexp" 739
"D:/Unreal Projects/Game-Dev-Lab-Group/GDL_Group_Game/Content/MyContent/Characters/BP_CTR_Player.uasset" 740
"D:/Unreal Projects/Game-Dev-Lab-Group/GDL_Group_Game/Content/MyContent/Characters/BP_CTR_Player.uexp" 741
"D:/Unreal Projects/Game-Dev-Lab-Group/GDL_Group_Game/Content/MyContent/Characters/Input/IA_Interact.uasset" 742
"D:/Unreal Projects/Game-Dev-Lab-Group/GDL_Group_Game/Content/MyContent/Characters/Input/IA_Interact.uexp" 743
"D:/Unreal Projects/Game-Dev-Lab-Group/GDL_Group_Game/Content/MyContent/Characters/Input/IMC_Interact.uasset" 744
"D:/Unreal Projects/Game-Dev-Lab-Group/GDL_Group_Game/Content/MyContent/Characters/Input/IMC_Interact.uexp" 745
"D:/Unreal Projects/Game-Dev-Lab-Group/GDL_Group_Game/Content/MyContent/Characters/Input/IA_Jump.uasset" 746
"D:/Unreal Projects/Game-Dev-Lab-Group/GDL_Group_Game/Content/MyContent/Characters/Input/IA_Jump.uexp" 747
"D:/Unreal Projects/Game-Dev-Lab-Group/GDL_Group_Game/Content/MyContent/Characters/Input/IA_CameraRotation.uasset" 748
"D:/Unreal Projects/Game-Dev-Lab-Group/GDL_Group_Game/Content/MyContent/Characters/Input/IA_CameraRotation.uexp" 749
"D:/Unreal Projects/Game-Dev-Lab-Group/GDL_Group_Game/Content/MyContent/Characters/Input/IA_Movement.uasset" 750
"D:/Unreal Projects/Game-Dev-Lab-Group/GDL_Group_Game/Content/MyContent/Characters/Input/IA_Movement.uexp" 751
"D:/Unreal Projects/Game-Dev-Lab-Group/GDL_Group_Game/Content/MyContent/Characters/Input/IMC_Locomotion.uasset" 752
"D:/Unreal Projects/Game-Dev-Lab-Group/GDL_Group_Game/Content/MyContent/Characters/Input/IMC_Locomotion.uexp" 753
"D:/Unreal Projects/Game-Dev-Lab-Group/GDL_Group_Game/Content/MyContent/Characters/Input/IA_MainWeapon.uasset" 754
"D:/Unreal Projects/Game-Dev-Lab-Group/GDL_Group_Game/Content/MyContent/Characters/Input/IA_MainWeapon.uexp" 755
"D:/Unreal Projects/Game-Dev-Lab-Group/GDL_Group_Game/Content/MyContent/Characters/BP_CTR_Player_Controller.uasset" 756
"D:/Unreal Projects/Game-Dev-Lab-Group/GDL_Group_Game/Content/MyContent/Characters/BP_CTR_Player_Controller.uexp" 757
"D:/Unreal Projects/Game-Dev-Lab-Group/GDL_Group_Game/Content/MyContent/Core/BP_GM_Core.uasset" 758
"D:/Unreal Projects/Game-Dev-Lab-Group/GDL_Group_Game/Content/MyContent/Core/BP_GM_Core.uexp" 759
"../../../Engine/Plugins/Enterprise/DatasmithContent/Content/Materials/StdDecal/MFAttr_Decal.uasset" 760
"../../../Engine/Plugins/Enterprise/DatasmithContent/Content/Materials/StdDecal/MFAttr_Decal.uexp" 761
"../../../Engine/Plugins/Enterprise/DatasmithContent/Content/Materials/StdDecal/M_StdDecal.uasset" 762
"../../../Engine/Plugins/Enterprise/DatasmithContent/Content/Materials/StdDecal/M_StdDecal.uexp" 763
"../../../Engine/Plugins/Enterprise/DatasmithContent/Content/Materials/FBXImporter/DeltaGenUVEdit.uasset" 764
"../../../Engine/Plugins/Enterprise/DatasmithContent/Content/Materials/FBXImporter/DeltaGenUVEdit.uexp" 765
"../../../Engine/Plugins/Enterprise/DatasmithContent/Content/Materials/FBXImporter/DeltaGenBase.uasset" 766
"../../../Engine/Plugins/Enterprise/DatasmithContent/Content/Materials/FBXImporter/DeltaGenBase.uexp" 767
"../../../Engine/Plugins/Enterprise/DatasmithContent/Content/Materials/FBXImporter/DeltaGenReferenceTransparent.uasset" 768
"../../../Engine/Plugins/Enterprise/DatasmithContent/Content/Materials/FBXImporter/DeltaGenReferenceTransparent.uexp" 769
"../../../Engine/Plugins/Enterprise/DatasmithContent/Content/Materials/FBXImporter/DeltaGenReference.uasset" 770
"../../../Engine/Plugins/Enterprise/DatasmithContent/Content/Materials/FBXImporter/DeltaGenReference.uexp" 771
"../../../Engine/Content/MobileResources/HUD/VirtualJoystick_Background.uasset" 772
"../../../Engine/Content/MobileResources/HUD/VirtualJoystick_Background.uexp" 773
"../../../Engine/Content/MobileResources/HUD/VirtualJoystick_Thumb.uasset" 774
"../../../Engine/Content/MobileResources/HUD/VirtualJoystick_Thumb.uexp" 775
"../../../Engine/Content/MobileResources/HUD/DefaultVirtualJoysticks.uasset" 776
"../../../Engine/Content/MobileResources/HUD/DefaultVirtualJoysticks.uexp" 777
"../../../Engine/Content/EngineSky/VolumetricClouds/CloudWeatherTexture.uasset" 778
"../../../Engine/Content/EngineSky/VolumetricClouds/CloudWeatherTexture.uexp" 779
"../../../Engine/Content/Functions/Engine_MaterialFunctions02/Utility/MakeFloat2.uasset" 780
"../../../Engine/Content/Functions/Engine_MaterialFunctions02/Utility/MakeFloat2.uexp" 781
"../../../Engine/Content/EngineSky/VolumetricClouds/CloudGradientTexture.uasset" 782
"../../../Engine/Content/EngineSky/VolumetricClouds/CloudGradientTexture.uexp" 783
"../../../Engine/Content/EngineSky/VolumetricClouds/T_NoiseShape64.ubulk" 784
"../../../Engine/Content/EngineSky/VolumetricClouds/T_NoiseShape64.uasset" 785
"../../../Engine/Content/EngineSky/VolumetricClouds/T_NoiseShape64.uexp" 786
"../../../Engine/Content/EngineSky/VolumetricClouds/T_VolumeNoiseShape64.uasset" 787
"../../../Engine/Content/EngineSky/VolumetricClouds/T_VolumeNoiseShape64.uexp" 788
"../../../Engine/Content/EngineSky/VolumetricClouds/T_NoiseErosion.ubulk" 789
"../../../Engine/Content/EngineSky/VolumetricClouds/T_NoiseErosion.uasset" 790
"../../../Engine/Content/EngineSky/VolumetricClouds/T_NoiseErosion.uexp" 791
"../../../Engine/Content/EngineSky/VolumetricClouds/T_VolumeNoiseErosion32.uasset" 792
"../../../Engine/Content/EngineSky/VolumetricClouds/T_VolumeNoiseErosion32.uexp" 793
"../../../Engine/Content/EngineSky/VolumetricClouds/m_SimpleVolumetricCloud.uasset" 794
"../../../Engine/Content/EngineSky/VolumetricClouds/m_SimpleVolumetricCloud.uexp" 795
"../../../Engine/Content/EngineSky/VolumetricClouds/m_SimpleVolumetricCloud_Inst.uasset" 796
"../../../Engine/Content/EngineSky/VolumetricClouds/m_SimpleVolumetricCloud_Inst.uexp" 797
"../../../Engine/Content/EngineResources/FilmGrains/Marcie_Grain_v3_128_M2_000.uasset" 798
"../../../Engine/Content/EngineResources/FilmGrains/Marcie_Grain_v3_128_M2_000.uexp" 799
"../../../Engine/Content/EditorResources/SequenceRecorder/RecordingIndicator.uasset" 800
"../../../Engine/Content/EditorResources/SequenceRecorder/RecordingIndicator.uexp" 801
"../../../Engine/Content/EditorResources/SequenceRecorder/Countdown.uasset" 802
"../../../Engine/Content/EditorResources/SequenceRecorder/Countdown.uexp" 803
"../../../Engine/Content/EditorResources/LightIcons/S_LightError.uasset" 804
"../../../Engine/Content/EditorResources/LightIcons/S_LightError.uexp" 805
"../../../Engine/Content/Functions/MaterialLayerFunctions/MatLayerBlend_Standard.uasset" 806
"../../../Engine/Content/Functions/MaterialLayerFunctions/MatLayerBlend_Standard.uexp" 807
"../../../Engine/Content/EditorShapes/Textures/T_ShapeNormal.ubulk" 808
"../../../Engine/Content/EditorShapes/Textures/T_ShapeNormal.uasset" 809
"../../../Engine/Content/EditorShapes/Textures/T_ShapeNormal.uexp" 810
"../../../Engine/Plugins/Enterprise/DatasmithContent/Content/Materials/FBXImporter/VRED/VREDRepeatMode.uasset" 811
"../../../Engine/Plugins/Enterprise/DatasmithContent/Content/Materials/FBXImporter/VRED/VREDRepeatMode.uexp" 812
"../../../Engine/Plugins/Enterprise/DatasmithContent/Content/Materials/FBXImporter/VRED/PlanarMapping.uasset" 813
"../../../Engine/Plugins/Enterprise/DatasmithContent/Content/Materials/FBXImporter/VRED/PlanarMapping.uexp" 814
"../../../Engine/Plugins/Enterprise/DatasmithContent/Content/Materials/FBXImporter/VRED/UVMapping.uasset" 815
"../../../Engine/Plugins/Enterprise/DatasmithContent/Content/Materials/FBXImporter/VRED/UVMapping.uexp" 816
"../../../Engine/Plugins/Enterprise/DatasmithContent/Content/Materials/FBXImporter/VRED/TriplanarMapping.uasset" 817
"../../../Engine/Plugins/Enterprise/DatasmithContent/Content/Materials/FBXImporter/VRED/TriplanarMapping.uexp" 818
"../../../Engine/Plugins/Enterprise/DatasmithContent/Content/Materials/FBXImporter/VRED/VREDTextureRead.uasset" 819
"../../../Engine/Plugins/Enterprise/DatasmithContent/Content/Materials/FBXImporter/VRED/VREDTextureRead.uexp" 820
"../../../Engine/Content/Functions/Engine_MaterialFunctions02/Fresnel_Function.uasset" 821
"../../../Engine/Content/Functions/Engine_MaterialFunctions02/Fresnel_Function.uexp" 822
"../../../Engine/Content/Functions/Engine_MaterialFunctions01/Texturing/BakedDisplacement.uasset" 823
"../../../Engine/Content/Functions/Engine_MaterialFunctions01/Texturing/BakedDisplacement.uexp" 824
"../../../Engine/Plugins/Enterprise/DatasmithContent/Content/Materials/FBXImporter/VRED/UnicolorCarpaint.uasset" 825
"../../../Engine/Plugins/Enterprise/DatasmithContent/Content/Materials/FBXImporter/VRED/UnicolorCarpaint.uexp" 826
"../../../Engine/Plugins/Enterprise/DatasmithContent/Content/Materials/FBXImporter/VRED/ProcessNormal.uasset" 827
"../../../Engine/Plugins/Enterprise/DatasmithContent/Content/Materials/FBXImporter/VRED/ProcessNormal.uexp" 828
"../../../Engine/Plugins/Enterprise/DatasmithContent/Content/Materials/FBXImporter/VRED/Plastic.uasset" 829
"../../../Engine/Plugins/Enterprise/DatasmithContent/Content/Materials/FBXImporter/VRED/Plastic.uexp" 830
"../../../Engine/Plugins/Enterprise/DatasmithContent/Content/Materials/FBXImporter/VRED/Phong.uasset" 831
"../../../Engine/Plugins/Enterprise/DatasmithContent/Content/Materials/FBXImporter/VRED/Phong.uexp" 832
"../../../Engine/Content/Functions/Engine_MaterialFunctions02/ExampleContent/DebugNumberStrip.uasset" 833
"../../../Engine/Content/Functions/Engine_MaterialFunctions02/ExampleContent/DebugNumberStrip.uexp" 834
"../../../Engine/Content/Functions/Engine_MaterialFunctions01/Texturing/ComputeMipLevel.uasset" 835
"../../../Engine/Content/Functions/Engine_MaterialFunctions01/Texturing/ComputeMipLevel.uexp" 836
"../../../Engine/Content/Functions/Engine_MaterialFunctions01/Texturing/TextureCropping.uasset" 837
"../../../Engine/Content/Functions/Engine_MaterialFunctions01/Texturing/TextureCropping.uexp" 838
"../../../Engine/Content/Functions/Engine_MaterialFunctions02/ExampleContent/Textures/DebugNumberPeriod.uasset" 839
"../../../Engine/Content/Functions/Engine_MaterialFunctions02/ExampleContent/Textures/DebugNumberPeriod.uexp" 840
"../../../Engine/Content/Functions/Engine_MaterialFunctions02/Utility/DebugScalarValues.uasset" 841
"../../../Engine/Content/Functions/Engine_MaterialFunctions02/Utility/DebugScalarValues.uexp" 842
"../../../Engine/Content/Functions/Engine_MaterialFunctions02/Utility/DebugFloat3Values.uasset" 843
"../../../Engine/Content/Functions/Engine_MaterialFunctions02/Utility/DebugFloat3Values.uexp" 844
"../../../Engine/Content/Functions/Engine_MaterialFunctions02/Math/RGBtoHSV.uasset" 845
"../../../Engine/Content/Functions/Engine_MaterialFunctions02/Math/RGBtoHSV.uexp" 846
"../../../Engine/Plugins/Enterprise/DatasmithContent/Content/Materials/FBXImporter/VRED/Glass.uasset" 847
"../../../Engine/Plugins/Enterprise/DatasmithContent/Content/Materials/FBXImporter/VRED/Glass.uexp" 848
"../../../Engine/Plugins/Enterprise/DatasmithContent/Content/Materials/FBXImporter/VRED/Chrome.uasset" 849
"../../../Engine/Plugins/Enterprise/DatasmithContent/Content/Materials/FBXImporter/VRED/Chrome.uexp" 850
"../../../Engine/Plugins/Enterprise/DatasmithContent/Content/Materials/FBXImporter/VRED/BrushedMetal.uasset" 851
"../../../Engine/Plugins/Enterprise/DatasmithContent/Content/Materials/FBXImporter/VRED/BrushedMetal.uexp" 852
"../../../Engine/Content/Functions/Engine_MaterialFunctions01/Shading/PowerToRoughness.uasset" 853
"../../../Engine/Content/Functions/Engine_MaterialFunctions01/Shading/PowerToRoughness.uexp" 854
"../../../Engine/Content/Functions/Engine_MaterialFunctions01/Shading/ConvertFromDiffSpec.uasset" 855
"../../../Engine/Content/Functions/Engine_MaterialFunctions01/Shading/ConvertFromDiffSpec.uexp" 856
"../../../Engine/Content/Maps/Entry_BuiltData.uasset" 857
"../../../Engine/Content/Maps/Entry_BuiltData.uexp" 858
"../../../Engine/Content/Maps/Entry.uexp" 859
"../../../Engine/Content/Maps/Entry.umap" 860
"../../../Engine/Content/BasicShapes/Cube.ubulk" 861
"../../../Engine/Content/BasicShapes/Cube.uasset" 862
"../../../Engine/Content/BasicShapes/Cube.uexp" 863
"../../../Engine/Content/BasicShapes/Sphere.ubulk" 864
"../../../Engine/Content/BasicShapes/Sphere.uasset" 865
"../../../Engine/Content/BasicShapes/Sphere.uexp" 866
"../../../Engine/Content/BasicShapes/Cone.ubulk" 867
"../../../Engine/Content/BasicShapes/Cone.uasset" 868
"../../../Engine/Content/BasicShapes/Cone.uexp" 869
"D:/Unreal Projects/Game-Dev-Lab-Group/GDL_Group_Game/Content/MyContent/Materials/M_SolidColour.uasset" 870
"D:/Unreal Projects/Game-Dev-Lab-Group/GDL_Group_Game/Content/MyContent/Materials/M_SolidColour.uexp" 871
"D:/Unreal Projects/Game-Dev-Lab-Group/GDL_Group_Game/Content/MyContent/Materials/M_SolidColour_Red.uasset" 872
"D:/Unreal Projects/Game-Dev-Lab-Group/GDL_Group_Game/Content/MyContent/Materials/M_SolidColour_Red.uexp" 873
"D:/Unreal Projects/Game-Dev-Lab-Group/GDL_Group_Game/Content/MyContent/Blocking/BP_Enemy.uasset" 874
"D:/Unreal Projects/Game-Dev-Lab-Group/GDL_Group_Game/Content/MyContent/Blocking/BP_Enemy.uexp" 875
"D:/Unreal Projects/Game-Dev-Lab-Group/GDL_Group_Game/Content/MyContent/Blocking/BP_Enemy_Strong.uasset" 876
"D:/Unreal Projects/Game-Dev-Lab-Group/GDL_Group_Game/Content/MyContent/Blocking/BP_Enemy_Strong.uexp" 877
"D:/Unreal Projects/Game-Dev-Lab-Group/GDL_Group_Game/Content/MyContent/Blocking/BP_Enemy_Strong_Boss.uasset" 878
"D:/Unreal Projects/Game-Dev-Lab-Group/GDL_Group_Game/Content/MyContent/Blocking/BP_Enemy_Strong_Boss.uexp" 879
"D:/Unreal Projects/Game-Dev-Lab-Group/GDL_Group_Game/Content/MyContent/Materials/M_SolidColour_Ability.uasset" 880
"D:/Unreal Projects/Game-Dev-Lab-Group/GDL_Group_Game/Content/MyContent/Materials/M_SolidColour_Ability.uexp" 881
"D:/Unreal Projects/Game-Dev-Lab-Group/GDL_Group_Game/Content/MyContent/Blocking/BP_Ability2.uasset" 882
"D:/Unreal Projects/Game-Dev-Lab-Group/GDL_Group_Game/Content/MyContent/Blocking/BP_Ability2.uexp" 883
"../../../Engine/Content/EditorMeshes/ColorCalibrator/M_GreyBall.uasset" 884
"../../../Engine/Content/EditorMeshes/ColorCalibrator/M_GreyBall.uexp" 885
"D:/Unreal Projects/Game-Dev-Lab-Group/GDL_Group_Game/Content/MyContent/Materials/M_SolidColour_Key1.uasset" 886
"D:/Unreal Projects/Game-Dev-Lab-Group/GDL_Group_Game/Content/MyContent/Materials/M_SolidColour_Key1.uexp" 887
"D:/Unreal Projects/Game-Dev-Lab-Group/GDL_Group_Game/Content/MyContent/Blocking/wall1.ubulk" 888
"D:/Unreal Projects/Game-Dev-Lab-Group/GDL_Group_Game/Content/MyContent/Blocking/wall1.uasset" 889
"D:/Unreal Projects/Game-Dev-Lab-Group/GDL_Group_Game/Content/MyContent/Blocking/wall1.uexp" 890
"D:/Unreal Projects/Game-Dev-Lab-Group/GDL_Group_Game/Content/MyContent/Collectable/BP_Collectable.uasset" 891
"D:/Unreal Projects/Game-Dev-Lab-Group/GDL_Group_Game/Content/MyContent/Collectable/BP_Collectable.uexp" 892
"D:/Unreal Projects/Game-Dev-Lab-Group/GDL_Group_Game/Content/MyContent/Collectable/BP_COL_Weapon.uasset" 893
"D:/Unreal Projects/Game-Dev-Lab-Group/GDL_Group_Game/Content/MyContent/Collectable/BP_COL_Weapon.uexp" 894
"D:/Unreal Projects/Game-Dev-Lab-Group/GDL_Group_Game/Content/MyContent/Blocking/door2.ubulk" 895
"D:/Unreal Projects/Game-Dev-Lab-Group/GDL_Group_Game/Content/MyContent/Blocking/door2.uasset" 896
"D:/Unreal Projects/Game-Dev-Lab-Group/GDL_Group_Game/Content/MyContent/Blocking/door2.uexp" 897
"D:/Unreal Projects/Game-Dev-Lab-Group/GDL_Group_Game/Content/MyContent/Materials/M_SolidColour_Key2.uasset" 898
"D:/Unreal Projects/Game-Dev-Lab-Group/GDL_Group_Game/Content/MyContent/Materials/M_SolidColour_Key2.uexp" 899
"D:/Unreal Projects/Game-Dev-Lab-Group/GDL_Group_Game/Content/MyContent/Blocking/ceiling.ubulk" 900
"D:/Unreal Projects/Game-Dev-Lab-Group/GDL_Group_Game/Content/MyContent/Blocking/ceiling.uasset" 901
"D:/Unreal Projects/Game-Dev-Lab-Group/GDL_Group_Game/Content/MyContent/Blocking/ceiling.uexp" 902
"D:/Unreal Projects/Game-Dev-Lab-Group/GDL_Group_Game/Content/MyContent/Maps/lvl_Blocking_BuiltData.ubulk" 903
"D:/Unreal Projects/Game-Dev-Lab-Group/GDL_Group_Game/Content/MyContent/Maps/lvl_Blocking_BuiltData.uasset" 904
"D:/Unreal Projects/Game-Dev-Lab-Group/GDL_Group_Game/Content/MyContent/Maps/lvl_Blocking_BuiltData.uexp" 905
"D:/Unreal Projects/Game-Dev-Lab-Group/GDL_Group_Game/Content/MyContent/Materials/M_SolidColour_Ammo.uasset" 906
"D:/Unreal Projects/Game-Dev-Lab-Group/GDL_Group_Game/Content/MyContent/Materials/M_SolidColour_Ammo.uexp" 907
"D:/Unreal Projects/Game-Dev-Lab-Group/GDL_Group_Game/Content/MyContent/Blocking/BP_Ammo.uasset" 908
"D:/Unreal Projects/Game-Dev-Lab-Group/GDL_Group_Game/Content/MyContent/Blocking/BP_Ammo.uexp" 909
"D:/Unreal Projects/Game-Dev-Lab-Group/GDL_Group_Game/Content/MyContent/Materials/M_SolidColour_HealingStatiojn.uasset" 910
"D:/Unreal Projects/Game-Dev-Lab-Group/GDL_Group_Game/Content/MyContent/Materials/M_SolidColour_HealingStatiojn.uexp" 911
"D:/Unreal Projects/Game-Dev-Lab-Group/GDL_Group_Game/Content/MyContent/Blocking/BP_HealingStation.uasset" 912
"D:/Unreal Projects/Game-Dev-Lab-Group/GDL_Group_Game/Content/MyContent/Blocking/BP_HealingStation.uexp" 913
"D:/Unreal Projects/Game-Dev-Lab-Group/GDL_Group_Game/Content/MyContent/Materials/M_SolidColour_FinalKey.uasset" 914
"D:/Unreal Projects/Game-Dev-Lab-Group/GDL_Group_Game/Content/MyContent/Materials/M_SolidColour_FinalKey.uexp" 915
"../../../Engine/Content/BasicShapes/BasicShapeMaterial.uasset" 916
"../../../Engine/Content/BasicShapes/BasicShapeMaterial.uexp" 917
"D:/Unreal Projects/Game-Dev-Lab-Group/GDL_Group_Game/Content/MyContent/Blocking/BP_Keypad.uasset" 918
"D:/Unreal Projects/Game-Dev-Lab-Group/GDL_Group_Game/Content/MyContent/Blocking/BP_Keypad.uexp" 919
"D:/Unreal Projects/Game-Dev-Lab-Group/GDL_Group_Game/Content/MyContent/Blocking/wall2.ubulk" 920
"D:/Unreal Projects/Game-Dev-Lab-Group/GDL_Group_Game/Content/MyContent/Blocking/wall2.uasset" 921
"D:/Unreal Projects/Game-Dev-Lab-Group/GDL_Group_Game/Content/MyContent/Blocking/wall2.uexp" 922
"D:/Unreal Projects/Game-Dev-Lab-Group/GDL_Group_Game/Content/MyContent/Blocking/BP_Key.uasset" 923
"D:/Unreal Projects/Game-Dev-Lab-Group/GDL_Group_Game/Content/MyContent/Blocking/BP_Key.uexp" 924
"D:/Unreal Projects/Game-Dev-Lab-Group/GDL_Group_Game/Content/MyContent/Blocking/floor.ubulk" 925
"D:/Unreal Projects/Game-Dev-Lab-Group/GDL_Group_Game/Content/MyContent/Blocking/floor.uasset" 926
"D:/Unreal Projects/Game-Dev-Lab-Group/GDL_Group_Game/Content/MyContent/Blocking/floor.uexp" 927
"../../../Engine/Plugins/Developer/AnimationSharing/Content/AnimSharingBase.uasset" 928
"../../../Engine/Plugins/Developer/AnimationSharing/Content/AnimSharingBase.uexp" 929
"../../../Engine/Plugins/Developer/AnimationSharing/Content/AnimSharingRed.uasset" 930
"../../../Engine/Plugins/Developer/AnimationSharing/Content/AnimSharingRed.uexp" 931
"D:/Unreal Projects/Game-Dev-Lab-Group/GDL_Group_Game/Content/MyContent/Maps/lvl_Blocking.uexp" 932
"D:/Unreal Projects/Game-Dev-Lab-Group/GDL_Group_Game/Content/MyContent/Maps/lvl_Blocking.umap" 933
